Using pre-set license

 COMMAND LINE ARGUMENTS:
/Applications/Unity/Hub/Editor/2020.3.12f1/Unity.app/Contents/MacOS/Unity
-adb2
-batchMode
-noUpm
-name
AssetImportWorker1
-projectPath
/Users/ishikasoni/Desktop/Unity2D/TileVania
-logFile
Logs/AssetImportWorker1.log
-srvPort
50594
Successfully changed project path to: /Users/ishikasoni/Desktop/Unity2D/TileVania
/Users/ishikasoni/Desktop/Unity2D/TileVania
Using Asset Import Pipeline V2.
Refreshing native plugins compatible for Editor in 65.87 ms, found 3 plugins.
Preloading 0 native plugins for Editor in 0.00 ms.
Initialize engine version: 2020.3.12f1 (b3b2c6512326)
[Subsystems] Discovering subsystems at path /Applications/Unity/Hub/Editor/2020.3.12f1/Unity.app/Contents/Resources/UnitySubsystems
[Subsystems] Discovering subsystems at path /Users/ishikasoni/Desktop/Unity2D/TileVania/Assets
GfxDevice: creating device client; threaded=0
2022-10-05 15:43:40.429 Unity[82261:27108013] LG ULTRAGEAR preferred device: Intel(R) Iris(TM) Plus Graphics 645 (low power)
2022-10-05 15:43:40.429 Unity[82261:27108013] Metal devices available: 1
2022-10-05 15:43:40.429 Unity[82261:27108013] 0: Intel(R) Iris(TM) Plus Graphics 645 (low power)
2022-10-05 15:43:40.429 Unity[82261:27108013] Using device Intel(R) Iris(TM) Plus Graphics 645 (low power)
Initializing Metal device caps: Intel(R) Iris(TM) Plus Graphics 645
Initialize mono
Mono path[0] = '/Applications/Unity/Hub/Editor/2020.3.12f1/Unity.app/Contents/Managed'
Mono path[1] = '/Applications/Unity/Hub/Editor/2020.3.12f1/Unity.app/Contents/MonoBleedingEdge/lib/mono/unityjit'
Mono config path = '/Applications/Unity/Hub/Editor/2020.3.12f1/Unity.app/Contents/MonoBleedingEdge/etc'
Using monoOptions --debugger-agent=transport=dt_socket,embedding=1,server=y,suspend=n,address=127.0.0.1:56261
Begin MonoManager ReloadAssembly
Registering precompiled unity dll's ...
Register platform support module: /Applications/Unity/Hub/Editor/2020.3.12f1/PlaybackEngines/WebGLSupport/UnityEditor.WebGL.Extensions.dll
Register platform support module: /Applications/Unity/Hub/Editor/2020.3.12f1/Unity.app/Contents/PlaybackEngines/MacStandaloneSupport/UnityEditor.OSXStandalone.Extensions.dll
Registered in 0.002551 seconds.
Native extension for OSXStandalone target not found
Native extension for WebGL target not found
Refreshing native plugins compatible for Editor in 57.35 ms, found 3 plugins.
Preloading 0 native plugins for Editor in 0.00 ms.
Mono: successfully reloaded assembly
- Completed reload, in  6.851 seconds
Platform modules already initialized, skipping
Registering precompiled user dll's ...
Registered in 0.013713 seconds.
Begin MonoManager ReloadAssembly
Native extension for OSXStandalone target not found
Native extension for WebGL target not found
Refreshing native plugins compatible for Editor in 60.37 ms, found 3 plugins.
Preloading 0 native plugins for Editor in 0.00 ms.
Mono: successfully reloaded assembly
- Completed reload, in  1.664 seconds
Platform modules already initialized, skipping
========================================================================
Worker process is ready to serve import requests
Launching external process: /Applications/Unity/Hub/Editor/2020.3.12f1/Unity.app/Contents/Tools/UnityShaderCompiler
Launched and connected shader compiler UnityShaderCompiler after 0.46 seconds
Refreshing native plugins compatible for Editor in 2.02 ms, found 3 plugins.
Preloading 0 native plugins for Editor in 0.00 ms.
Unloading 2565 Unused Serialized files (Serialized files now loaded: 0)
System memory in use before: 198.4 MB.
System memory in use after: 198.4 MB.

Unloading 36 unused Assets to reduce memory usage. Loaded Objects now: 3000.
Total: 66.376862 ms (FindLiveObjects: 5.801026 ms CreateObjectMapping: 0.276918 ms MarkObjects: 57.263790 ms  DeleteObjects: 3.032303 ms)

AssetImportParameters requested are different than current active one (requested -> active):
  custom:video-decoder-ogg-theora: a1e56fd34408186e4bbccfd4996cb3dc -> 
  custom:container-muxer-webm: aa71ff27fc2769a1b78a27578f13a17b -> 
  custom:container-demuxer-webm: 4f35f7cbe854078d1ac9338744f61a02 -> 
  custom:container-demuxer-ogg: 62fdf1f143b41e24485cea50d1cbac27 -> 
  custom:video-encoder-webm-vp8: eb34c28f22e8b96e1ab97ce403110664 -> 
  custom:framework-osx-AVFoundation: e770b220cccbd017edd2c1fefb359320 -> 
  custom:video-decoder-webm-vp8: 9c59270c3fd7afecdb556c50c9e8de78 -> 
  custom:audio-decoder-ogg-vorbis: bf7c407c2cedff20999df2af8eb42d56 -> 
  custom:audio-encoder-webm-vorbis: bf7c407c2cedff20999df2af8eb42d56 -> 
========================================================================
Received Import Request.
  path: Assets/Scripts/ScenePersist.cs
  artifactKey: Guid(36be1bccd90814500883e4a340fb5171) Importer(815301076,1909f56bfc062723c751e8b465ee728b)
Start importing Assets/Scripts/ScenePersist.cs using Guid(36be1bccd90814500883e4a340fb5171) Importer(815301076,1909f56bfc062723c751e8b465ee728b)  -> (artifact id: '599d2df40e98efde41eafedaa18cc3bd') in 0.602694 seconds 
  Import took 0.613996 seconds .

========================================================================
Received Import Request.
  Time since last request: 35.707216 seconds.
  path: Assets/Prefabs/Scene Persist.prefab
  artifactKey: Guid(3ccda358be02b47ed820cf49d43c3eb5) Importer(815301076,1909f56bfc062723c751e8b465ee728b)
Start importing Assets/Prefabs/Scene Persist.prefab using Guid(3ccda358be02b47ed820cf49d43c3eb5) Importer(815301076,1909f56bfc062723c751e8b465ee728b)  -> (artifact id: '89449f5c71bcebd395ede7122e2b0d3c') in 1.166470 seconds 
  Import took 1.205215 seconds .

========================================================================
Received Import Request.
  Time since last request: 377.589784 seconds.
  path: Assets/Levels/Level 2.unity
  artifactKey: Guid(9873180f5c46b41dc8afddf56f785625) Importer(815301076,1909f56bfc062723c751e8b465ee728b)
Start importing Assets/Levels/Level 2.unity using Guid(9873180f5c46b41dc8afddf56f785625) Importer(815301076,1909f56bfc062723c751e8b465ee728b)  -> (artifact id: '6082257874c2048c5ee07297c5684d4b') in 0.014830 seconds 
  Import took 0.046843 seconds .

========================================================================
Received Import Request.
  Time since last request: 44.630491 seconds.
  path: Assets/Levels/Level 3.unity
  artifactKey: Guid(2cda990e2423bbf4892e6590ba056729) Importer(815301076,1909f56bfc062723c751e8b465ee728b)
Start importing Assets/Levels/Level 3.unity using Guid(2cda990e2423bbf4892e6590ba056729) Importer(815301076,1909f56bfc062723c751e8b465ee728b)  -> (artifact id: 'dc93340e9d0358b93d6bab963066df41') in 0.004985 seconds 
  Import took 0.009953 seconds .

========================================================================
Received Prepare
Registering precompiled user dll's ...
Registered in 0.004108 seconds.
Begin MonoManager ReloadAssembly
Native extension for OSXStandalone target not found
Native extension for WebGL target not found
Refreshing native plugins compatible for Editor in 0.59 ms, found 3 plugins.
Preloading 0 native plugins for Editor in 0.00 ms.
Mono: successfully reloaded assembly
- Completed reload, in  1.823 seconds
Platform modules already initialized, skipping
Refreshing native plugins compatible for Editor in 0.58 ms, found 3 plugins.
Preloading 0 native plugins for Editor in 0.00 ms.
Unloading 2544 Unused Serialized files (Serialized files now loaded: 0)
System memory in use before: 206.2 MB.
System memory in use after: 206.3 MB.

Unloading 22 unused Assets to reduce memory usage. Loaded Objects now: 3004.
Total: 3.655080 ms (FindLiveObjects: 0.918365 ms CreateObjectMapping: 0.129030 ms MarkObjects: 2.465792 ms  DeleteObjects: 0.141084 ms)

AssetImportParameters requested are different than current active one (requested -> active):
  custom:video-decoder-ogg-theora: a1e56fd34408186e4bbccfd4996cb3dc -> 
  custom:container-muxer-webm: aa71ff27fc2769a1b78a27578f13a17b -> 
  custom:container-demuxer-webm: 4f35f7cbe854078d1ac9338744f61a02 -> 
  custom:container-demuxer-ogg: 62fdf1f143b41e24485cea50d1cbac27 -> 
  custom:video-encoder-webm-vp8: eb34c28f22e8b96e1ab97ce403110664 -> 
  custom:framework-osx-AVFoundation: e770b220cccbd017edd2c1fefb359320 -> 
  custom:video-decoder-webm-vp8: 9c59270c3fd7afecdb556c50c9e8de78 -> 
  custom:audio-decoder-ogg-vorbis: bf7c407c2cedff20999df2af8eb42d56 -> 
  custom:audio-encoder-webm-vorbis: bf7c407c2cedff20999df2af8eb42d56 -> 
========================================================================
Received Import Request.
  Time since last request: 528.610717 seconds.
  path: Assets/Levels/Level 1.unity
  artifactKey: Guid(f0f77e19264a346898605a806d7433b0) Importer(815301076,1909f56bfc062723c751e8b465ee728b)
Start importing Assets/Levels/Level 1.unity using Guid(f0f77e19264a346898605a806d7433b0) Importer(815301076,1909f56bfc062723c751e8b465ee728b)  -> (artifact id: 'bd78b48f78514d26b59c8e8f32226c53') in 0.046915 seconds 
  Import took 0.056626 seconds .

========================================================================
Received Prepare
Registering precompiled user dll's ...
Registered in 0.007619 seconds.
Begin MonoManager ReloadAssembly
Native extension for OSXStandalone target not found
Native extension for WebGL target not found
Refreshing native plugins compatible for Editor in 0.67 ms, found 3 plugins.
Preloading 0 native plugins for Editor in 0.00 ms.
Mono: successfully reloaded assembly
- Completed reload, in  1.665 seconds
Platform modules already initialized, skipping
Refreshing native plugins compatible for Editor in 0.86 ms, found 3 plugins.
Preloading 0 native plugins for Editor in 0.00 ms.
Unloading 2544 Unused Serialized files (Serialized files now loaded: 0)
System memory in use before: 206.4 MB.
System memory in use after: 206.5 MB.

Unloading 22 unused Assets to reduce memory usage. Loaded Objects now: 3008.
Total: 3.363285 ms (FindLiveObjects: 0.371444 ms CreateObjectMapping: 0.134818 ms MarkObjects: 2.711955 ms  DeleteObjects: 0.143910 ms)

AssetImportParameters requested are different than current active one (requested -> active):
  custom:video-decoder-ogg-theora: a1e56fd34408186e4bbccfd4996cb3dc -> 
  custom:container-muxer-webm: aa71ff27fc2769a1b78a27578f13a17b -> 
  custom:container-demuxer-webm: 4f35f7cbe854078d1ac9338744f61a02 -> 
  custom:container-demuxer-ogg: 62fdf1f143b41e24485cea50d1cbac27 -> 
  custom:video-encoder-webm-vp8: eb34c28f22e8b96e1ab97ce403110664 -> 
  custom:framework-osx-AVFoundation: e770b220cccbd017edd2c1fefb359320 -> 
  custom:video-decoder-webm-vp8: 9c59270c3fd7afecdb556c50c9e8de78 -> 
  custom:audio-decoder-ogg-vorbis: bf7c407c2cedff20999df2af8eb42d56 -> 
  custom:audio-encoder-webm-vorbis: bf7c407c2cedff20999df2af8eb42d56 -> 
========================================================================
Received Import Request.
  Time since last request: 324.802335 seconds.
  path: Assets/Prefabs/Coin Variant.prefab
  artifactKey: Guid(becffd40abcc1436b830e7618194d00f) Importer(815301076,1909f56bfc062723c751e8b465ee728b)
Start importing Assets/Prefabs/Coin Variant.prefab using Guid(becffd40abcc1436b830e7618194d00f) Importer(815301076,1909f56bfc062723c751e8b465ee728b)  -> (artifact id: '4d2e9f159acf144b5a58d6b786416ef8') in 0.403539 seconds 
  Import took 0.410812 seconds .

========================================================================
Received Import Request.
  Time since last request: 0.664889 seconds.
  path: Assets/Prefabs/Coin Variant.prefab
  artifactKey: Guid(becffd40abcc1436b830e7618194d00f) Importer(815301076,1909f56bfc062723c751e8b465ee728b)
Start importing Assets/Prefabs/Coin Variant.prefab using Guid(becffd40abcc1436b830e7618194d00f) Importer(815301076,1909f56bfc062723c751e8b465ee728b)  -> (artifact id: '4d2e9f159acf144b5a58d6b786416ef8') in 0.011699 seconds 
  Import took 0.017196 seconds .

========================================================================
Received Import Request.
  Time since last request: 51.644271 seconds.
  path: Assets/Prefabs/Big Coin.prefab
  artifactKey: Guid(becffd40abcc1436b830e7618194d00f) Importer(815301076,1909f56bfc062723c751e8b465ee728b)
Start importing Assets/Prefabs/Big Coin.prefab using Guid(becffd40abcc1436b830e7618194d00f) Importer(815301076,1909f56bfc062723c751e8b465ee728b)  -> (artifact id: 'e4be3b79f40630150bd02062760f3f43') in 0.020516 seconds 
  Import took 0.025833 seconds .

========================================================================
Received Import Request.
  Time since last request: 30.094607 seconds.
  path: Assets/Prefabs/Big Coin Variant.prefab
  artifactKey: Guid(becffd40abcc1436b830e7618194d00f) Importer(815301076,1909f56bfc062723c751e8b465ee728b)
Start importing Assets/Prefabs/Big Coin Variant.prefab using Guid(becffd40abcc1436b830e7618194d00f) Importer(815301076,1909f56bfc062723c751e8b465ee728b)  -> (artifact id: '760b60b8d7855d73c5eb96fe7404c7d4') in 0.013770 seconds 
  Import took 0.019306 seconds .

========================================================================
Received Import Request.
  Time since last request: 115.578417 seconds.
  path: Assets/Prefabs/Big Coin Variant.prefab
  artifactKey: Guid(becffd40abcc1436b830e7618194d00f) Importer(815301076,1909f56bfc062723c751e8b465ee728b)
Start importing Assets/Prefabs/Big Coin Variant.prefab using Guid(becffd40abcc1436b830e7618194d00f) Importer(815301076,1909f56bfc062723c751e8b465ee728b)  -> (artifact id: 'afdef150ad34bc4bec3e899f2a5af9d0') in 0.016567 seconds 
  Import took 0.022501 seconds .

========================================================================
Received Import Request.
  Time since last request: 106.204721 seconds.
  path: Assets/Prefabs/Goober (Enemy) Variant.prefab
  artifactKey: Guid(a6defbdfb41fa4d30bbca106a8d32b76) Importer(815301076,1909f56bfc062723c751e8b465ee728b)
Start importing Assets/Prefabs/Goober (Enemy) Variant.prefab using Guid(a6defbdfb41fa4d30bbca106a8d32b76) Importer(815301076,1909f56bfc062723c751e8b465ee728b)  -> (artifact id: 'cad002ece9c461a0c4dac43eb8ea5653') in 0.107702 seconds 
  Import took 0.299643 seconds .

========================================================================
Received Import Request.
  Time since last request: 0.173000 seconds.
  path: Assets/Prefabs/Goober (Enemy) Variant.prefab
  artifactKey: Guid(a6defbdfb41fa4d30bbca106a8d32b76) Importer(815301076,1909f56bfc062723c751e8b465ee728b)
Start importing Assets/Prefabs/Goober (Enemy) Variant.prefab using Guid(a6defbdfb41fa4d30bbca106a8d32b76) Importer(815301076,1909f56bfc062723c751e8b465ee728b)  -> (artifact id: 'cad002ece9c461a0c4dac43eb8ea5653') in 0.010891 seconds 
  Import took 0.015291 seconds .

========================================================================
Received Import Request.
  Time since last request: 33.854351 seconds.
  path: Assets/Prefabs/Red Goober Variant.prefab
  artifactKey: Guid(a6defbdfb41fa4d30bbca106a8d32b76) Importer(815301076,1909f56bfc062723c751e8b465ee728b)
Start importing Assets/Prefabs/Red Goober Variant.prefab using Guid(a6defbdfb41fa4d30bbca106a8d32b76) Importer(815301076,1909f56bfc062723c751e8b465ee728b)  -> (artifact id: 'dfabbebd3c55091ce6997e85573f97ab') in 0.021789 seconds 
  Import took 0.027578 seconds .

========================================================================
Received Import Request.
  Time since last request: 0.016818 seconds.
  path: Assets/Prefabs/Red Goober Variant.prefab
  artifactKey: Guid(a6defbdfb41fa4d30bbca106a8d32b76) Importer(815301076,1909f56bfc062723c751e8b465ee728b)
Start importing Assets/Prefabs/Red Goober Variant.prefab using Guid(a6defbdfb41fa4d30bbca106a8d32b76) Importer(815301076,1909f56bfc062723c751e8b465ee728b)  -> (artifact id: 'dfabbebd3c55091ce6997e85573f97ab') in 0.018417 seconds 
  Import took 0.022322 seconds .

========================================================================
Received Import Request.
  Time since last request: 42.590822 seconds.
  path: Assets/Prefabs/Red Goober Variant.prefab
  artifactKey: Guid(a6defbdfb41fa4d30bbca106a8d32b76) Importer(815301076,1909f56bfc062723c751e8b465ee728b)
Start importing Assets/Prefabs/Red Goober Variant.prefab using Guid(a6defbdfb41fa4d30bbca106a8d32b76) Importer(815301076,1909f56bfc062723c751e8b465ee728b)  -> (artifact id: '7598ef090bb85b755ed41b85b187216d') in 0.017788 seconds 
  Import took 0.023209 seconds .

========================================================================
Received Import Request.
  Time since last request: 0.024490 seconds.
  path: Assets/Prefabs/Red Goober Variant.prefab
  artifactKey: Guid(a6defbdfb41fa4d30bbca106a8d32b76) Importer(815301076,1909f56bfc062723c751e8b465ee728b)
Start importing Assets/Prefabs/Red Goober Variant.prefab using Guid(a6defbdfb41fa4d30bbca106a8d32b76) Importer(815301076,1909f56bfc062723c751e8b465ee728b)  -> (artifact id: '7598ef090bb85b755ed41b85b187216d') in 0.020057 seconds 
  Import took 0.024117 seconds .

========================================================================
Received Prepare
Registering precompiled user dll's ...
Registered in 0.007552 seconds.
Begin MonoManager ReloadAssembly
Native extension for OSXStandalone target not found
Native extension for WebGL target not found
Refreshing native plugins compatible for Editor in 0.72 ms, found 3 plugins.
Preloading 0 native plugins for Editor in 0.00 ms.
Mono: successfully reloaded assembly
- Completed reload, in  1.594 seconds
Platform modules already initialized, skipping
Refreshing native plugins compatible for Editor in 0.63 ms, found 3 plugins.
Preloading 0 native plugins for Editor in 0.00 ms.
Unloading 2544 Unused Serialized files (Serialized files now loaded: 0)
System memory in use before: 210.2 MB.
System memory in use after: 210.3 MB.

Unloading 22 unused Assets to reduce memory usage. Loaded Objects now: 3019.
Total: 3.241368 ms (FindLiveObjects: 0.328792 ms CreateObjectMapping: 0.124202 ms MarkObjects: 2.632254 ms  DeleteObjects: 0.154918 ms)

AssetImportParameters requested are different than current active one (requested -> active):
  custom:video-decoder-ogg-theora: a1e56fd34408186e4bbccfd4996cb3dc -> 
  custom:container-muxer-webm: aa71ff27fc2769a1b78a27578f13a17b -> 
  custom:container-demuxer-webm: 4f35f7cbe854078d1ac9338744f61a02 -> 
  custom:container-demuxer-ogg: 62fdf1f143b41e24485cea50d1cbac27 -> 
  custom:video-encoder-webm-vp8: eb34c28f22e8b96e1ab97ce403110664 -> 
  custom:framework-osx-AVFoundation: e770b220cccbd017edd2c1fefb359320 -> 
  custom:video-decoder-webm-vp8: 9c59270c3fd7afecdb556c50c9e8de78 -> 
  custom:audio-decoder-ogg-vorbis: bf7c407c2cedff20999df2af8eb42d56 -> 
  custom:audio-encoder-webm-vorbis: bf7c407c2cedff20999df2af8eb42d56 -> 
========================================================================
Received Prepare
Registering precompiled user dll's ...
Registered in 0.009774 seconds.
Begin MonoManager ReloadAssembly
Native extension for OSXStandalone target not found
Native extension for WebGL target not found
Refreshing native plugins compatible for Editor in 1.49 ms, found 3 plugins.
Preloading 0 native plugins for Editor in 0.00 ms.
Mono: successfully reloaded assembly
- Completed reload, in  2.947 seconds
Platform modules already initialized, skipping
Refreshing native plugins compatible for Editor in 0.66 ms, found 3 plugins.
Preloading 0 native plugins for Editor in 0.00 ms.
Unloading 2544 Unused Serialized files (Serialized files now loaded: 0)
System memory in use before: 210.5 MB.
System memory in use after: 210.5 MB.

Unloading 22 unused Assets to reduce memory usage. Loaded Objects now: 3023.
Total: 7.803582 ms (FindLiveObjects: 3.416164 ms CreateObjectMapping: 0.353954 ms MarkObjects: 3.801146 ms  DeleteObjects: 0.230488 ms)

AssetImportParameters requested are different than current active one (requested -> active):
  custom:video-decoder-ogg-theora: a1e56fd34408186e4bbccfd4996cb3dc -> 
  custom:container-muxer-webm: aa71ff27fc2769a1b78a27578f13a17b -> 
  custom:container-demuxer-webm: 4f35f7cbe854078d1ac9338744f61a02 -> 
  custom:container-demuxer-ogg: 62fdf1f143b41e24485cea50d1cbac27 -> 
  custom:video-encoder-webm-vp8: eb34c28f22e8b96e1ab97ce403110664 -> 
  custom:framework-osx-AVFoundation: e770b220cccbd017edd2c1fefb359320 -> 
  custom:video-decoder-webm-vp8: 9c59270c3fd7afecdb556c50c9e8de78 -> 
  custom:audio-decoder-ogg-vorbis: bf7c407c2cedff20999df2af8eb42d56 -> 
  custom:audio-encoder-webm-vorbis: bf7c407c2cedff20999df2af8eb42d56 -> 
