Using pre-set license

 COMMAND LINE ARGUMENTS:
/Applications/Unity/Hub/Editor/2020.3.12f1/Unity.app/Contents/MacOS/Unity
-adb2
-batchMode
-noUpm
-name
AssetImportWorker0
-projectPath
/Users/ishikasoni/Desktop/Unity2D/TileVania
-logFile
Logs/AssetImportWorker0.log
-srvPort
65111
Successfully changed project path to: /Users/ishikasoni/Desktop/Unity2D/TileVania
/Users/ishikasoni/Desktop/Unity2D/TileVania
Using Asset Import Pipeline V2.
Refreshing native plugins compatible for Editor in 54.70 ms, found 3 plugins.
Preloading 0 native plugins for Editor in 0.00 ms.
Initialize engine version: 2020.3.12f1 (b3b2c6512326)
[Subsystems] Discovering subsystems at path /Applications/Unity/Hub/Editor/2020.3.12f1/Unity.app/Contents/Resources/UnitySubsystems
[Subsystems] Discovering subsystems at path /Users/ishikasoni/Desktop/Unity2D/TileVania/Assets
GfxDevice: creating device client; threaded=0
2022-08-29 13:50:12.041 Unity[87625:19515998] Color LCD preferred device: Intel(R) Iris(TM) Plus Graphics 645 (low power)
2022-08-29 13:50:12.041 Unity[87625:19515998] Metal devices available: 1
2022-08-29 13:50:12.041 Unity[87625:19515998] 0: Intel(R) Iris(TM) Plus Graphics 645 (low power)
2022-08-29 13:50:12.041 Unity[87625:19515998] Using device Intel(R) Iris(TM) Plus Graphics 645 (low power)
Initializing Metal device caps: Intel(R) Iris(TM) Plus Graphics 645
Initialize mono
Mono path[0] = '/Applications/Unity/Hub/Editor/2020.3.12f1/Unity.app/Contents/Managed'
Mono path[1] = '/Applications/Unity/Hub/Editor/2020.3.12f1/Unity.app/Contents/MonoBleedingEdge/lib/mono/unityjit'
Mono config path = '/Applications/Unity/Hub/Editor/2020.3.12f1/Unity.app/Contents/MonoBleedingEdge/etc'
Using monoOptions --debugger-agent=transport=dt_socket,embedding=1,server=y,suspend=n,address=127.0.0.1:56625
Begin MonoManager ReloadAssembly
Registering precompiled unity dll's ...
Register platform support module: /Applications/Unity/Hub/Editor/2020.3.12f1/PlaybackEngines/WebGLSupport/UnityEditor.WebGL.Extensions.dll
Register platform support module: /Applications/Unity/Hub/Editor/2020.3.12f1/Unity.app/Contents/PlaybackEngines/MacStandaloneSupport/UnityEditor.OSXStandalone.Extensions.dll
Registered in 0.002801 seconds.
Native extension for OSXStandalone target not found
Native extension for WebGL target not found
Refreshing native plugins compatible for Editor in 54.29 ms, found 3 plugins.
Preloading 0 native plugins for Editor in 0.00 ms.
Mono: successfully reloaded assembly
- Completed reload, in  3.378 seconds
Platform modules already initialized, skipping
Registering precompiled user dll's ...
Registered in 0.004764 seconds.
Begin MonoManager ReloadAssembly
Native extension for OSXStandalone target not found
Native extension for WebGL target not found
Refreshing native plugins compatible for Editor in 50.23 ms, found 3 plugins.
Preloading 0 native plugins for Editor in 0.00 ms.
Mono: successfully reloaded assembly
- Completed reload, in  1.617 seconds
Platform modules already initialized, skipping
========================================================================
Worker process is ready to serve import requests
Launching external process: /Applications/Unity/Hub/Editor/2020.3.12f1/Unity.app/Contents/Tools/UnityShaderCompiler
Launched and connected shader compiler UnityShaderCompiler after 0.02 seconds
Refreshing native plugins compatible for Editor in 0.62 ms, found 3 plugins.
Preloading 0 native plugins for Editor in 0.00 ms.
Unloading 2080 Unused Serialized files (Serialized files now loaded: 0)
System memory in use before: 173.9 MB.
System memory in use after: 173.9 MB.

Unloading 33 unused Assets to reduce memory usage. Loaded Objects now: 2513.
Total: 4.580319 ms (FindLiveObjects: 0.532632 ms CreateObjectMapping: 0.179517 ms MarkObjects: 3.609362 ms  DeleteObjects: 0.257029 ms)

AssetImportParameters requested are different than current active one (requested -> active):
  custom:video-decoder-ogg-theora: a1e56fd34408186e4bbccfd4996cb3dc -> 
  custom:container-muxer-webm: aa71ff27fc2769a1b78a27578f13a17b -> 
  custom:container-demuxer-webm: 4f35f7cbe854078d1ac9338744f61a02 -> 
  custom:container-demuxer-ogg: 62fdf1f143b41e24485cea50d1cbac27 -> 
  custom:video-encoder-webm-vp8: eb34c28f22e8b96e1ab97ce403110664 -> 
  custom:framework-osx-AVFoundation: e770b220cccbd017edd2c1fefb359320 -> 
  custom:video-decoder-webm-vp8: 9c59270c3fd7afecdb556c50c9e8de78 -> 
  custom:audio-decoder-ogg-vorbis: bf7c407c2cedff20999df2af8eb42d56 -> 
  custom:audio-encoder-webm-vorbis: bf7c407c2cedff20999df2af8eb42d56 -> 
========================================================================
Received Import Request.
  path: Assets/SPA_Coins.png
  artifactKey: Guid(bd27c9a70467d42daa3b56fd69fd8114) Importer(815301076,1909f56bfc062723c751e8b465ee728b)
Start importing Assets/SPA_Coins.png using Guid(bd27c9a70467d42daa3b56fd69fd8114) Importer(815301076,1909f56bfc062723c751e8b465ee728b)  -> (artifact id: '47f34f72b51c04e0e343e3a567db6ee4') in 1.744503 seconds 
  Import took 1.749379 seconds .

========================================================================
Received Import Request.
  Time since last request: 0.000306 seconds.
  path: Assets/Exit Pixelated.png
  artifactKey: Guid(7111f0a3c5cb94091a1f4c1f25382609) Importer(815301076,1909f56bfc062723c751e8b465ee728b)
Start importing Assets/Exit Pixelated.png using Guid(7111f0a3c5cb94091a1f4c1f25382609) Importer(815301076,1909f56bfc062723c751e8b465ee728b)  -> (artifact id: 'b1ef9a231761a7823af5bf8dfce8770e') in 0.008462 seconds 
  Import took 0.012364 seconds .

========================================================================
Received Import Request.
  Time since last request: 0.000287 seconds.
  path: Assets/SPA_Player_Ginger.png
  artifactKey: Guid(4b4b9e81c41ad4e9a85391080e0e7682) Importer(815301076,1909f56bfc062723c751e8b465ee728b)
Start importing Assets/SPA_Player_Ginger.png using Guid(4b4b9e81c41ad4e9a85391080e0e7682) Importer(815301076,1909f56bfc062723c751e8b465ee728b)  -> (artifact id: 'c5101a8a8c05d7e91f0d8979b359835c') in 0.008662 seconds 
  Import took 0.012392 seconds .

========================================================================
Received Import Request.
  Time since last request: 0.000198 seconds.
  path: Assets/Spikes.png
  artifactKey: Guid(31c3c55c891f0433b9932950351133af) Importer(815301076,1909f56bfc062723c751e8b465ee728b)
Start importing Assets/Spikes.png using Guid(31c3c55c891f0433b9932950351133af) Importer(815301076,1909f56bfc062723c751e8b465ee728b)  -> (artifact id: '3a9988d3931463051e6e431f69075a5d') in 0.008734 seconds 
  Import took 0.012854 seconds .

========================================================================
Received Import Request.
  Time since last request: 0.000226 seconds.
  path: Assets/SPA_Enemy_Right.png
  artifactKey: Guid(308da9a5280114e2898ede2116c60bcd) Importer(815301076,1909f56bfc062723c751e8b465ee728b)
Start importing Assets/SPA_Enemy_Right.png using Guid(308da9a5280114e2898ede2116c60bcd) Importer(815301076,1909f56bfc062723c751e8b465ee728b)  -> (artifact id: 'e7aa39139e27e482ea2e224ae3219494') in 0.008323 seconds 
  Import took 0.013624 seconds .

========================================================================
Received Import Request.
  Time since last request: 0.000338 seconds.
  path: Assets/SPA_Background brown tint.png
  artifactKey: Guid(b1eb0e3688c5c48dbb922d4d92277cea) Importer(815301076,1909f56bfc062723c751e8b465ee728b)
Start importing Assets/SPA_Background brown tint.png using Guid(b1eb0e3688c5c48dbb922d4d92277cea) Importer(815301076,1909f56bfc062723c751e8b465ee728b)  -> (artifact id: '825834780576ce0286fe9905f2bb995a') in 0.023355 seconds 
  Import took 0.027818 seconds .

========================================================================
Received Import Request.
  Time since last request: 0.000321 seconds.
  path: Assets/SPA_Rock_Grass_Water.png
  artifactKey: Guid(1047f5633dbc643b593bd449432bc9cf) Importer(815301076,1909f56bfc062723c751e8b465ee728b)
Start importing Assets/SPA_Rock_Grass_Water.png using Guid(1047f5633dbc643b593bd449432bc9cf) Importer(815301076,1909f56bfc062723c751e8b465ee728b)  -> (artifact id: '5f15b1541c236eda32e913598ef83424') in 0.014412 seconds 
  Import took 0.019494 seconds .

========================================================================
Received Import Request.
  Time since last request: 0.000275 seconds.
  path: Assets/SPA_Ladder.png
  artifactKey: Guid(86fa7d44a1b3d4485b179e20c96d7b44) Importer(815301076,1909f56bfc062723c751e8b465ee728b)
Start importing Assets/SPA_Ladder.png using Guid(86fa7d44a1b3d4485b179e20c96d7b44) Importer(815301076,1909f56bfc062723c751e8b465ee728b)  -> (artifact id: 'd4533f622ebad05629a58eae29e0e55f') in 0.007784 seconds 
  Import took 0.012054 seconds .

========================================================================
Received Import Request.
  Time since last request: 24.675829 seconds.
  path: Assets/Sprites
  artifactKey: Guid(09ecc49965bf44ea58120e517309373a) Importer(815301076,1909f56bfc062723c751e8b465ee728b)
Start importing Assets/Sprites using Guid(09ecc49965bf44ea58120e517309373a) Importer(815301076,1909f56bfc062723c751e8b465ee728b)  -> (artifact id: '21144f17b5782b88977a678ab066663e') in 0.002158 seconds 
  Import took 0.006132 seconds .

========================================================================
Received Import Request.
  Time since last request: 0.017380 seconds.
  path: Assets/Sprites
  artifactKey: Guid(09ecc49965bf44ea58120e517309373a) Importer(815301076,1909f56bfc062723c751e8b465ee728b)
Start importing Assets/Sprites using Guid(09ecc49965bf44ea58120e517309373a) Importer(815301076,1909f56bfc062723c751e8b465ee728b)  -> (artifact id: '21144f17b5782b88977a678ab066663e') in 0.001452 seconds 
  Import took 0.006722 seconds .

========================================================================
Received Import Request.
  Time since last request: 120.785356 seconds.
  path: Assets/Sprites/Exit Pixelated.png
  artifactKey: Guid(7111f0a3c5cb94091a1f4c1f25382609) Importer(815301076,1909f56bfc062723c751e8b465ee728b)
Start importing Assets/Sprites/Exit Pixelated.png using Guid(7111f0a3c5cb94091a1f4c1f25382609) Importer(815301076,1909f56bfc062723c751e8b465ee728b)  -> (artifact id: '63b85e95f6fd0088a3031bc579dab530') in 0.015164 seconds 
  Import took 0.018689 seconds .

========================================================================
Received Import Request.
  Time since last request: 0.000265 seconds.
  path: Assets/Sprites/SPA_Coins.png
  artifactKey: Guid(bd27c9a70467d42daa3b56fd69fd8114) Importer(815301076,1909f56bfc062723c751e8b465ee728b)
Start importing Assets/Sprites/SPA_Coins.png using Guid(bd27c9a70467d42daa3b56fd69fd8114) Importer(815301076,1909f56bfc062723c751e8b465ee728b)  -> (artifact id: 'd34b5d9910dfc9487d9bb4b955c5b3a6') in 0.015713 seconds 
  Import took 0.020004 seconds .

========================================================================
Received Import Request.
  Time since last request: 0.000320 seconds.
  path: Assets/Sprites/SPA_Player_Ginger.png
  artifactKey: Guid(4b4b9e81c41ad4e9a85391080e0e7682) Importer(815301076,1909f56bfc062723c751e8b465ee728b)
Start importing Assets/Sprites/SPA_Player_Ginger.png using Guid(4b4b9e81c41ad4e9a85391080e0e7682) Importer(815301076,1909f56bfc062723c751e8b465ee728b)  -> (artifact id: 'a9ac92f9941e3b18d26886b4c5efbcb5') in 0.010868 seconds 
  Import took 0.016381 seconds .

========================================================================
Received Import Request.
  Time since last request: 0.000275 seconds.
  path: Assets/Sprites/Spikes.png
  artifactKey: Guid(31c3c55c891f0433b9932950351133af) Importer(815301076,1909f56bfc062723c751e8b465ee728b)
Start importing Assets/Sprites/Spikes.png using Guid(31c3c55c891f0433b9932950351133af) Importer(815301076,1909f56bfc062723c751e8b465ee728b)  -> (artifact id: 'ae276970bca7312d914cd10995c963cd') in 0.009394 seconds 
  Import took 0.013816 seconds .

========================================================================
Received Import Request.
  Time since last request: 0.000200 seconds.
  path: Assets/Sprites/SPA_Enemy_Right.png
  artifactKey: Guid(308da9a5280114e2898ede2116c60bcd) Importer(815301076,1909f56bfc062723c751e8b465ee728b)
Start importing Assets/Sprites/SPA_Enemy_Right.png using Guid(308da9a5280114e2898ede2116c60bcd) Importer(815301076,1909f56bfc062723c751e8b465ee728b)  -> (artifact id: '15317db8f58fca968d7c51dfd57353fd') in 0.008424 seconds 
  Import took 0.011902 seconds .

========================================================================
Received Import Request.
  Time since last request: 0.000210 seconds.
  path: Assets/Sprites/SPA_Background brown tint.png
  artifactKey: Guid(b1eb0e3688c5c48dbb922d4d92277cea) Importer(815301076,1909f56bfc062723c751e8b465ee728b)
Start importing Assets/Sprites/SPA_Background brown tint.png using Guid(b1eb0e3688c5c48dbb922d4d92277cea) Importer(815301076,1909f56bfc062723c751e8b465ee728b)  -> (artifact id: 'faae1812b337fcfd2edda69e23989404') in 0.012043 seconds 
  Import took 0.015854 seconds .

========================================================================
Received Import Request.
  Time since last request: 0.000280 seconds.
  path: Assets/Sprites/SPA_Rock_Grass_Water.png
  artifactKey: Guid(1047f5633dbc643b593bd449432bc9cf) Importer(815301076,1909f56bfc062723c751e8b465ee728b)
Start importing Assets/Sprites/SPA_Rock_Grass_Water.png using Guid(1047f5633dbc643b593bd449432bc9cf) Importer(815301076,1909f56bfc062723c751e8b465ee728b)  -> (artifact id: '28ae77ee6302138ce35a3cd83937765a') in 0.013947 seconds 
  Import took 0.017702 seconds .

========================================================================
Received Import Request.
  Time since last request: 0.000204 seconds.
  path: Assets/Sprites/SPA_Ladder.png
  artifactKey: Guid(86fa7d44a1b3d4485b179e20c96d7b44) Importer(815301076,1909f56bfc062723c751e8b465ee728b)
Start importing Assets/Sprites/SPA_Ladder.png using Guid(86fa7d44a1b3d4485b179e20c96d7b44) Importer(815301076,1909f56bfc062723c751e8b465ee728b)  -> (artifact id: 'bb95d31bb0cac914b119e8c26cfb0853') in 0.008920 seconds 
  Import took 0.012521 seconds .

========================================================================
Received Import Request.
  Time since last request: 671526.983055 seconds.
  path: Assets/Sprites/SPA_Rock_Grass_Water.png
  artifactKey: Guid(1047f5633dbc643b593bd449432bc9cf) Importer(815301076,1909f56bfc062723c751e8b465ee728b)
Start importing Assets/Sprites/SPA_Rock_Grass_Water.png using Guid(1047f5633dbc643b593bd449432bc9cf) Importer(815301076,1909f56bfc062723c751e8b465ee728b)  -> (artifact id: '3a42b3b0234da49da1e5b43390722c12') in 1.475339 seconds 
  Import took 2.487166 seconds .

========================================================================
Received Import Request.
  Time since last request: 68.566163 seconds.
  path: Assets/Sprites/SPA_Rock_Grass_Water.png
  artifactKey: Guid(1047f5633dbc643b593bd449432bc9cf) Importer(815301076,1909f56bfc062723c751e8b465ee728b)
Start importing Assets/Sprites/SPA_Rock_Grass_Water.png using Guid(1047f5633dbc643b593bd449432bc9cf) Importer(815301076,1909f56bfc062723c751e8b465ee728b)  -> (artifact id: '18cf8f9779de72585ac239c0bc5b549a') in 0.370985 seconds 
  Import took 0.377595 seconds .

========================================================================
Received Import Request.
  Time since last request: 352.722000 seconds.
  path: Assets/Sprites/SPA_Player_Ginger.png
  artifactKey: Guid(4b4b9e81c41ad4e9a85391080e0e7682) Importer(815301076,1909f56bfc062723c751e8b465ee728b)
Start importing Assets/Sprites/SPA_Player_Ginger.png using Guid(4b4b9e81c41ad4e9a85391080e0e7682) Importer(815301076,1909f56bfc062723c751e8b465ee728b)  -> (artifact id: '228093ba166de34269bc30d3de4e8f0a') in 0.032937 seconds 
  Import took 0.037816 seconds .

========================================================================
Received Import Request.
  Time since last request: 0.017141 seconds.
  path: Assets/Sprites/SPA_Player_Ginger.png
  artifactKey: Guid(4b4b9e81c41ad4e9a85391080e0e7682) Importer(815301076,1909f56bfc062723c751e8b465ee728b)
Start importing Assets/Sprites/SPA_Player_Ginger.png using Guid(4b4b9e81c41ad4e9a85391080e0e7682) Importer(815301076,1909f56bfc062723c751e8b465ee728b)  -> (artifact id: '228093ba166de34269bc30d3de4e8f0a') in 0.006485 seconds 
  Import took 0.012210 seconds .

========================================================================
Received Import Request.
  Time since last request: 140.708020 seconds.
  path: Assets/Sprites/SPA_Player_Ginger.png
  artifactKey: Guid(4b4b9e81c41ad4e9a85391080e0e7682) Importer(815301076,1909f56bfc062723c751e8b465ee728b)
Start importing Assets/Sprites/SPA_Player_Ginger.png using Guid(4b4b9e81c41ad4e9a85391080e0e7682) Importer(815301076,1909f56bfc062723c751e8b465ee728b)  -> (artifact id: '1d8e0e61de5ccbd1ac6ccf687359ed98') in 0.160372 seconds 
  Import took 0.165872 seconds .

========================================================================
Received Import Request.
  Time since last request: 39.574173 seconds.
  path: Assets/Sprites/SPA_Background brown tint.png
  artifactKey: Guid(b1eb0e3688c5c48dbb922d4d92277cea) Importer(815301076,1909f56bfc062723c751e8b465ee728b)
Start importing Assets/Sprites/SPA_Background brown tint.png using Guid(b1eb0e3688c5c48dbb922d4d92277cea) Importer(815301076,1909f56bfc062723c751e8b465ee728b)  -> (artifact id: '0283474bff4a92bfb271d6a483063dc3') in 0.017577 seconds 
  Import took 0.024136 seconds .

========================================================================
Received Import Request.
  Time since last request: 0.011501 seconds.
  path: Assets/Sprites/SPA_Background brown tint.png
  artifactKey: Guid(b1eb0e3688c5c48dbb922d4d92277cea) Importer(815301076,1909f56bfc062723c751e8b465ee728b)
Start importing Assets/Sprites/SPA_Background brown tint.png using Guid(b1eb0e3688c5c48dbb922d4d92277cea) Importer(815301076,1909f56bfc062723c751e8b465ee728b)  -> (artifact id: '0283474bff4a92bfb271d6a483063dc3') in 0.007277 seconds 
  Import took 0.010621 seconds .

========================================================================
Received Import Request.
  Time since last request: 14.024427 seconds.
  path: Assets/Sprites/SPA_Background brown tint.png
  artifactKey: Guid(b1eb0e3688c5c48dbb922d4d92277cea) Importer(815301076,1909f56bfc062723c751e8b465ee728b)
Start importing Assets/Sprites/SPA_Background brown tint.png using Guid(b1eb0e3688c5c48dbb922d4d92277cea) Importer(815301076,1909f56bfc062723c751e8b465ee728b)  -> (artifact id: '49b81de4b3057e4fb8f3ea59abafbd54') in 0.111464 seconds 
  Import took 0.116837 seconds .

========================================================================
Received Import Request.
  Time since last request: 71.079228 seconds.
  path: Assets/Sprites/SPA_Coins.png
  artifactKey: Guid(bd27c9a70467d42daa3b56fd69fd8114) Importer(815301076,1909f56bfc062723c751e8b465ee728b)
Start importing Assets/Sprites/SPA_Coins.png using Guid(bd27c9a70467d42daa3b56fd69fd8114) Importer(815301076,1909f56bfc062723c751e8b465ee728b)  -> (artifact id: '7876847f1cecf0a3028f263798e08fd3') in 0.038528 seconds 
  Import took 0.064326 seconds .

========================================================================
Received Import Request.
  Time since last request: 199.890106 seconds.
  path: Assets/Sprites/SPA_Coins.png
  artifactKey: Guid(bd27c9a70467d42daa3b56fd69fd8114) Importer(815301076,1909f56bfc062723c751e8b465ee728b)
Start importing Assets/Sprites/SPA_Coins.png using Guid(bd27c9a70467d42daa3b56fd69fd8114) Importer(815301076,1909f56bfc062723c751e8b465ee728b)  -> (artifact id: 'd4c4e1a88da4548bcceaf9ea9391bd78') in 0.175991 seconds 
  Import took 0.181826 seconds .

========================================================================
Received Import Request.
  Time since last request: 8.259943 seconds.
  path: Assets/Sprites/SPA_Enemy_Right.png
  artifactKey: Guid(308da9a5280114e2898ede2116c60bcd) Importer(815301076,1909f56bfc062723c751e8b465ee728b)
Start importing Assets/Sprites/SPA_Enemy_Right.png using Guid(308da9a5280114e2898ede2116c60bcd) Importer(815301076,1909f56bfc062723c751e8b465ee728b)  -> (artifact id: '936f75fee373d8963d89a11b1924134d') in 0.014565 seconds 
  Import took 0.019986 seconds .

========================================================================
Received Import Request.
  Time since last request: 0.048203 seconds.
  path: Assets/Sprites/SPA_Enemy_Right.png
  artifactKey: Guid(308da9a5280114e2898ede2116c60bcd) Importer(815301076,1909f56bfc062723c751e8b465ee728b)
Start importing Assets/Sprites/SPA_Enemy_Right.png using Guid(308da9a5280114e2898ede2116c60bcd) Importer(815301076,1909f56bfc062723c751e8b465ee728b)  -> (artifact id: '936f75fee373d8963d89a11b1924134d') in 0.011170 seconds 
  Import took 0.016442 seconds .

========================================================================
Received Import Request.
  Time since last request: 60.394867 seconds.
  path: Assets/Sprites/SPA_Enemy_Right.png
  artifactKey: Guid(308da9a5280114e2898ede2116c60bcd) Importer(815301076,1909f56bfc062723c751e8b465ee728b)
Start importing Assets/Sprites/SPA_Enemy_Right.png using Guid(308da9a5280114e2898ede2116c60bcd) Importer(815301076,1909f56bfc062723c751e8b465ee728b)  -> (artifact id: '723cf267dd322ee2e38c6cda624a0a9b') in 0.050790 seconds 
  Import took 0.055474 seconds .

========================================================================
Received Import Request.
  Time since last request: 2000.523454 seconds.
  path: Assets/Tiles
  artifactKey: Guid(fd2242c3296fa4530a1fc03765e866c6) Importer(815301076,1909f56bfc062723c751e8b465ee728b)
Start importing Assets/Tiles using Guid(fd2242c3296fa4530a1fc03765e866c6) Importer(815301076,1909f56bfc062723c751e8b465ee728b)  -> (artifact id: 'f3e4a259714e4ec7c744f1246e1f5c42') in 0.015573 seconds 
  Import took 0.061743 seconds .

========================================================================
Received Import Request.
  Time since last request: 77.395603 seconds.
  path: Assets/Tiles/Platforms Palette.prefab
  artifactKey: Guid(55a682c12c9ba446cb68d05080016fdb) Importer(815301076,1909f56bfc062723c751e8b465ee728b)
Start importing Assets/Tiles/Platforms Palette.prefab using Guid(55a682c12c9ba446cb68d05080016fdb) Importer(815301076,1909f56bfc062723c751e8b465ee728b)  -> (artifact id: '77da3638dc8a943fe4d6fa6d2158d746') in 2.451419 seconds 
  Import took 2.458526 seconds .

========================================================================
Received Import Request.
  Time since last request: 116.565571 seconds.
  path: Assets/Tiles/Platforms Palette.prefab
  artifactKey: Guid(55a682c12c9ba446cb68d05080016fdb) Importer(815301076,1909f56bfc062723c751e8b465ee728b)
Start importing Assets/Tiles/Platforms Palette.prefab using Guid(55a682c12c9ba446cb68d05080016fdb) Importer(815301076,1909f56bfc062723c751e8b465ee728b)  -> (artifact id: 'd431db56fc152fe291736f2cf41bfcb1') in 0.020787 seconds 
  Import took 0.026734 seconds .

========================================================================
Received Import Request.
  Time since last request: 0.000225 seconds.
  path: Assets/Tiles/SPA_Rock_Grass_Water_5.asset
  artifactKey: Guid(7490e69b8951a4db898f716ae38665d6) Importer(815301076,1909f56bfc062723c751e8b465ee728b)
Start importing Assets/Tiles/SPA_Rock_Grass_Water_5.asset using Guid(7490e69b8951a4db898f716ae38665d6) Importer(815301076,1909f56bfc062723c751e8b465ee728b)  -> (artifact id: 'e060b11f966bb3209ccea176e11d8263') in 0.606762 seconds 
  Import took 0.611007 seconds .

========================================================================
Received Import Request.
  Time since last request: 0.000262 seconds.
  path: Assets/Tiles/SPA_Rock_Grass_Water_13.asset
  artifactKey: Guid(6df59e3ce141c4e1aa74299f385ab911) Importer(815301076,1909f56bfc062723c751e8b465ee728b)
Start importing Assets/Tiles/SPA_Rock_Grass_Water_13.asset using Guid(6df59e3ce141c4e1aa74299f385ab911) Importer(815301076,1909f56bfc062723c751e8b465ee728b)  -> (artifact id: 'f779c22f122a7b71b20c09b81c74e9d1') in 0.006400 seconds 
  Import took 0.009488 seconds .

========================================================================
Received Import Request.
  Time since last request: 0.000217 seconds.
  path: Assets/Tiles/SPA_Rock_Grass_Water_10.asset
  artifactKey: Guid(e9abddf95351243eba7597690968f778) Importer(815301076,1909f56bfc062723c751e8b465ee728b)
Start importing Assets/Tiles/SPA_Rock_Grass_Water_10.asset using Guid(e9abddf95351243eba7597690968f778) Importer(815301076,1909f56bfc062723c751e8b465ee728b)  -> (artifact id: '0cc91c41628910931d33ecda651f9f6d') in 0.006472 seconds 
  Import took 0.009489 seconds .

========================================================================
Received Import Request.
  Time since last request: 0.000220 seconds.
  path: Assets/Tiles/SPA_Rock_Grass_Water_21.asset
  artifactKey: Guid(51ed834e8ec844fa5809f18e84d9d679) Importer(815301076,1909f56bfc062723c751e8b465ee728b)
Start importing Assets/Tiles/SPA_Rock_Grass_Water_21.asset using Guid(51ed834e8ec844fa5809f18e84d9d679) Importer(815301076,1909f56bfc062723c751e8b465ee728b)  -> (artifact id: 'be2fbc5f4a9dbb68a90c5887cd1cd808') in 0.006098 seconds 
  Import took 0.009420 seconds .

========================================================================
Received Import Request.
  Time since last request: 0.000162 seconds.
  path: Assets/Tiles/SPA_Rock_Grass_Water_24.asset
  artifactKey: Guid(8fad2b3bca4f244839ba7f5aa8153bc5) Importer(815301076,1909f56bfc062723c751e8b465ee728b)
Start importing Assets/Tiles/SPA_Rock_Grass_Water_24.asset using Guid(8fad2b3bca4f244839ba7f5aa8153bc5) Importer(815301076,1909f56bfc062723c751e8b465ee728b)  -> (artifact id: '4c4b3c34343e6997cbceda5d5154211c') in 0.007809 seconds 
  Import took 0.011339 seconds .

========================================================================
Received Import Request.
  Time since last request: 0.000159 seconds.
  path: Assets/Tiles/SPA_Rock_Grass_Water_7.asset
  artifactKey: Guid(db1a8e30af3704ad3bd71d974f2305a1) Importer(815301076,1909f56bfc062723c751e8b465ee728b)
Start importing Assets/Tiles/SPA_Rock_Grass_Water_7.asset using Guid(db1a8e30af3704ad3bd71d974f2305a1) Importer(815301076,1909f56bfc062723c751e8b465ee728b)  -> (artifact id: '94851fd20e689332870efb81c34a3c2f') in 0.015880 seconds 
  Import took 0.019219 seconds .

========================================================================
Received Import Request.
  Time since last request: 0.000225 seconds.
  path: Assets/Tiles/SPA_Rock_Grass_Water_17.asset
  artifactKey: Guid(a15b32c6b090f4c4588d5f41fe13dda4) Importer(815301076,1909f56bfc062723c751e8b465ee728b)
Start importing Assets/Tiles/SPA_Rock_Grass_Water_17.asset using Guid(a15b32c6b090f4c4588d5f41fe13dda4) Importer(815301076,1909f56bfc062723c751e8b465ee728b)  -> (artifact id: '11ab91c35b209b5348e3f7e69b9bf984') in 0.007952 seconds 
  Import took 0.011609 seconds .

========================================================================
Received Import Request.
  Time since last request: 0.000201 seconds.
  path: Assets/Tiles/SPA_Rock_Grass_Water_11.asset
  artifactKey: Guid(df0775543a6604e8e98e29c3978e9285) Importer(815301076,1909f56bfc062723c751e8b465ee728b)
Start importing Assets/Tiles/SPA_Rock_Grass_Water_11.asset using Guid(df0775543a6604e8e98e29c3978e9285) Importer(815301076,1909f56bfc062723c751e8b465ee728b)  -> (artifact id: '9f782f9c8e862a9300f9f14009455429') in 0.011171 seconds 
  Import took 0.014703 seconds .

========================================================================
Received Import Request.
  Time since last request: 0.000163 seconds.
  path: Assets/Tiles/SPA_Rock_Grass_Water_12.asset
  artifactKey: Guid(baf38b323df894f2cb7c1a8223eb1f0a) Importer(815301076,1909f56bfc062723c751e8b465ee728b)
Start importing Assets/Tiles/SPA_Rock_Grass_Water_12.asset using Guid(baf38b323df894f2cb7c1a8223eb1f0a) Importer(815301076,1909f56bfc062723c751e8b465ee728b)  -> (artifact id: '6c8010a1b57f7f3f34d0114309582653') in 0.007559 seconds 
  Import took 0.011030 seconds .

========================================================================
Received Import Request.
  Time since last request: 0.000146 seconds.
  path: Assets/Tiles/SPA_Rock_Grass_Water_28.asset
  artifactKey: Guid(820b2bd97b5544f75ba5ecd4bc0701b9) Importer(815301076,1909f56bfc062723c751e8b465ee728b)
Start importing Assets/Tiles/SPA_Rock_Grass_Water_28.asset using Guid(820b2bd97b5544f75ba5ecd4bc0701b9) Importer(815301076,1909f56bfc062723c751e8b465ee728b)  -> (artifact id: '9f5669e4520157ed7b354dfe2de97003') in 0.008100 seconds 
  Import took 0.011331 seconds .

========================================================================
Received Import Request.
  Time since last request: 0.000173 seconds.
  path: Assets/Tiles/SPA_Rock_Grass_Water_15.asset
  artifactKey: Guid(3f6e944263e8242ec800de489e98b391) Importer(815301076,1909f56bfc062723c751e8b465ee728b)
Start importing Assets/Tiles/SPA_Rock_Grass_Water_15.asset using Guid(3f6e944263e8242ec800de489e98b391) Importer(815301076,1909f56bfc062723c751e8b465ee728b)  -> (artifact id: 'fa720be06b259432ae6e97a32aa0fc46') in 0.007840 seconds 
  Import took 0.011331 seconds .

========================================================================
Received Import Request.
  Time since last request: 0.000157 seconds.
  path: Assets/Tiles/SPA_Rock_Grass_Water_2.asset
  artifactKey: Guid(21d3c83cb77724715b7b4407b2daa197) Importer(815301076,1909f56bfc062723c751e8b465ee728b)
Start importing Assets/Tiles/SPA_Rock_Grass_Water_2.asset using Guid(21d3c83cb77724715b7b4407b2daa197) Importer(815301076,1909f56bfc062723c751e8b465ee728b)  -> (artifact id: '2e8898afdbb0a08efbf30317184939b8') in 0.005487 seconds 
  Import took 0.008798 seconds .

========================================================================
Received Import Request.
  Time since last request: 0.000253 seconds.
  path: Assets/Tiles/SPA_Rock_Grass_Water_25.asset
  artifactKey: Guid(59dbe8cb3c42d42e296f2c8c3fd6e98a) Importer(815301076,1909f56bfc062723c751e8b465ee728b)
Start importing Assets/Tiles/SPA_Rock_Grass_Water_25.asset using Guid(59dbe8cb3c42d42e296f2c8c3fd6e98a) Importer(815301076,1909f56bfc062723c751e8b465ee728b)  -> (artifact id: '2d1aac0d0fab80f8fc724e162111ad35') in 0.026760 seconds 
  Import took 0.029912 seconds .

========================================================================
Received Import Request.
  Time since last request: 0.000177 seconds.
  path: Assets/Tiles/SPA_Rock_Grass_Water_27.asset
  artifactKey: Guid(22ec679d4edaf468fb27ab7289cc26d5) Importer(815301076,1909f56bfc062723c751e8b465ee728b)
Start importing Assets/Tiles/SPA_Rock_Grass_Water_27.asset using Guid(22ec679d4edaf468fb27ab7289cc26d5) Importer(815301076,1909f56bfc062723c751e8b465ee728b)  -> (artifact id: '860dd0cc5a73daeda3d85ca107f6ad21') in 0.009522 seconds 
  Import took 0.012884 seconds .

========================================================================
Received Import Request.
  Time since last request: 0.000212 seconds.
  path: Assets/Tiles/SPA_Rock_Grass_Water_14.asset
  artifactKey: Guid(9cdb666ed063142d6979eea2ca3be1d8) Importer(815301076,1909f56bfc062723c751e8b465ee728b)
Start importing Assets/Tiles/SPA_Rock_Grass_Water_14.asset using Guid(9cdb666ed063142d6979eea2ca3be1d8) Importer(815301076,1909f56bfc062723c751e8b465ee728b)  -> (artifact id: '326acf3a2ecdf27ee096936958ff5de7') in 0.019958 seconds 
  Import took 0.022970 seconds .

========================================================================
Received Import Request.
  Time since last request: 0.000275 seconds.
  path: Assets/Tiles/SPA_Rock_Grass_Water_18.asset
  artifactKey: Guid(a66c9daeb05024c4f82f0e0a40203dc9) Importer(815301076,1909f56bfc062723c751e8b465ee728b)
Start importing Assets/Tiles/SPA_Rock_Grass_Water_18.asset using Guid(a66c9daeb05024c4f82f0e0a40203dc9) Importer(815301076,1909f56bfc062723c751e8b465ee728b)  -> (artifact id: 'd9b0441f757d41e85703c849315e4932') in 0.006691 seconds 
  Import took 0.010412 seconds .

========================================================================
Received Import Request.
  Time since last request: 0.000185 seconds.
  path: Assets/Tiles/SPA_Rock_Grass_Water_0.asset
  artifactKey: Guid(8818ac2eb71e04b61bbfe359019a743a) Importer(815301076,1909f56bfc062723c751e8b465ee728b)
Start importing Assets/Tiles/SPA_Rock_Grass_Water_0.asset using Guid(8818ac2eb71e04b61bbfe359019a743a) Importer(815301076,1909f56bfc062723c751e8b465ee728b)  -> (artifact id: 'b247538d0b2b0469fe5d7ecaecd2d311') in 0.025944 seconds 
  Import took 0.029672 seconds .

========================================================================
Received Import Request.
  Time since last request: 0.000280 seconds.
  path: Assets/Tiles/SPA_Rock_Grass_Water_4.asset
  artifactKey: Guid(bf6cda0b383ea4a5d95762f11bbd2a3c) Importer(815301076,1909f56bfc062723c751e8b465ee728b)
Start importing Assets/Tiles/SPA_Rock_Grass_Water_4.asset using Guid(bf6cda0b383ea4a5d95762f11bbd2a3c) Importer(815301076,1909f56bfc062723c751e8b465ee728b)  -> (artifact id: 'afd16193f61a414fc0a44b3c450e62ee') in 0.005329 seconds 
  Import took 0.009060 seconds .

========================================================================
Received Import Request.
  Time since last request: 0.000181 seconds.
  path: Assets/Tiles/SPA_Rock_Grass_Water_22.asset
  artifactKey: Guid(348a8d44f8ddb4d3990c6558f6714207) Importer(815301076,1909f56bfc062723c751e8b465ee728b)
Start importing Assets/Tiles/SPA_Rock_Grass_Water_22.asset using Guid(348a8d44f8ddb4d3990c6558f6714207) Importer(815301076,1909f56bfc062723c751e8b465ee728b)  -> (artifact id: 'fb28894fcd909c3290ae379df97af150') in 0.005775 seconds 
  Import took 0.008963 seconds .

========================================================================
Received Import Request.
  Time since last request: 0.000189 seconds.
  path: Assets/Tiles/SPA_Rock_Grass_Water_19.asset
  artifactKey: Guid(e7f4718ee76bc489da3d2c539b5572e9) Importer(815301076,1909f56bfc062723c751e8b465ee728b)
Start importing Assets/Tiles/SPA_Rock_Grass_Water_19.asset using Guid(e7f4718ee76bc489da3d2c539b5572e9) Importer(815301076,1909f56bfc062723c751e8b465ee728b)  -> (artifact id: '086745cea8d71e315a6c85e93f84336d') in 0.006225 seconds 
  Import took 0.009832 seconds .

========================================================================
Received Import Request.
  Time since last request: 0.000214 seconds.
  path: Assets/Tiles/SPA_Rock_Grass_Water_1.asset
  artifactKey: Guid(3d690bbaaccb742288fd78000ad5b7cd) Importer(815301076,1909f56bfc062723c751e8b465ee728b)
Start importing Assets/Tiles/SPA_Rock_Grass_Water_1.asset using Guid(3d690bbaaccb742288fd78000ad5b7cd) Importer(815301076,1909f56bfc062723c751e8b465ee728b)  -> (artifact id: 'b240978a0676ff55085cdae984c414f7') in 0.028744 seconds 
  Import took 0.032458 seconds .

========================================================================
Received Import Request.
  Time since last request: 0.000217 seconds.
  path: Assets/Tiles/SPA_Rock_Grass_Water_26.asset
  artifactKey: Guid(af82c8fa2d1084910b060bd6dfaf1935) Importer(815301076,1909f56bfc062723c751e8b465ee728b)
Start importing Assets/Tiles/SPA_Rock_Grass_Water_26.asset using Guid(af82c8fa2d1084910b060bd6dfaf1935) Importer(815301076,1909f56bfc062723c751e8b465ee728b)  -> (artifact id: '64ff5618619246c3215ddd2421b93f8d') in 0.006682 seconds 
  Import took 0.009869 seconds .

========================================================================
Received Import Request.
  Time since last request: 0.000219 seconds.
  path: Assets/Tiles/SPA_Rock_Grass_Water_8.asset
  artifactKey: Guid(9cabc431f8b604dcb943dc6f562d8157) Importer(815301076,1909f56bfc062723c751e8b465ee728b)
Start importing Assets/Tiles/SPA_Rock_Grass_Water_8.asset using Guid(9cabc431f8b604dcb943dc6f562d8157) Importer(815301076,1909f56bfc062723c751e8b465ee728b)  -> (artifact id: 'fcf733e3ae7238a2ef7d000598c0f25d') in 0.008982 seconds 
  Import took 0.011916 seconds .

========================================================================
Received Import Request.
  Time since last request: 0.000236 seconds.
  path: Assets/Tiles/SPA_Rock_Grass_Water_20.asset
  artifactKey: Guid(d051966af658d472685cfab6614b91a8) Importer(815301076,1909f56bfc062723c751e8b465ee728b)
Start importing Assets/Tiles/SPA_Rock_Grass_Water_20.asset using Guid(d051966af658d472685cfab6614b91a8) Importer(815301076,1909f56bfc062723c751e8b465ee728b)  -> (artifact id: 'efab658556c8b67d2e7bba9ccc28e250') in 0.005972 seconds 
  Import took 0.008925 seconds .

========================================================================
Received Import Request.
  Time since last request: 0.000217 seconds.
  path: Assets/Tiles/SPA_Rock_Grass_Water_23.asset
  artifactKey: Guid(c7159dcaf30bb44fea345d2f01b30267) Importer(815301076,1909f56bfc062723c751e8b465ee728b)
Start importing Assets/Tiles/SPA_Rock_Grass_Water_23.asset using Guid(c7159dcaf30bb44fea345d2f01b30267) Importer(815301076,1909f56bfc062723c751e8b465ee728b)  -> (artifact id: '1d3cacc95f5c78e44aa8ce752c2ae299') in 0.027501 seconds 
  Import took 0.031069 seconds .

========================================================================
Received Import Request.
  Time since last request: 0.000166 seconds.
  path: Assets/Tiles/SPA_Rock_Grass_Water_16.asset
  artifactKey: Guid(0f6910a63576945e181979b50a3abce9) Importer(815301076,1909f56bfc062723c751e8b465ee728b)
Start importing Assets/Tiles/SPA_Rock_Grass_Water_16.asset using Guid(0f6910a63576945e181979b50a3abce9) Importer(815301076,1909f56bfc062723c751e8b465ee728b)  -> (artifact id: 'ffce102c4b385e49e0fe11651f5dff40') in 0.006788 seconds 
  Import took 0.009938 seconds .

========================================================================
Received Import Request.
  Time since last request: 0.000182 seconds.
  path: Assets/Tiles/SPA_Rock_Grass_Water_29.asset
  artifactKey: Guid(2495126c1108246c8945d48923be717c) Importer(815301076,1909f56bfc062723c751e8b465ee728b)
Start importing Assets/Tiles/SPA_Rock_Grass_Water_29.asset using Guid(2495126c1108246c8945d48923be717c) Importer(815301076,1909f56bfc062723c751e8b465ee728b)  -> (artifact id: '021b96277aefb58aaf2d224bab4e5dd8') in 0.023318 seconds 
  Import took 0.027087 seconds .

========================================================================
Received Import Request.
  Time since last request: 0.000198 seconds.
  path: Assets/Tiles/SPA_Rock_Grass_Water_6.asset
  artifactKey: Guid(786db4d8321464d509fe75558308be72) Importer(815301076,1909f56bfc062723c751e8b465ee728b)
Start importing Assets/Tiles/SPA_Rock_Grass_Water_6.asset using Guid(786db4d8321464d509fe75558308be72) Importer(815301076,1909f56bfc062723c751e8b465ee728b)  -> (artifact id: '85e865a47df567a61e169c1b3d803583') in 0.006536 seconds 
  Import took 0.009561 seconds .

========================================================================
Received Import Request.
  Time since last request: 0.000188 seconds.
  path: Assets/Tiles/SPA_Rock_Grass_Water_3.asset
  artifactKey: Guid(2a467fe7b48244b29a1664f7bb9b83e5) Importer(815301076,1909f56bfc062723c751e8b465ee728b)
Start importing Assets/Tiles/SPA_Rock_Grass_Water_3.asset using Guid(2a467fe7b48244b29a1664f7bb9b83e5) Importer(815301076,1909f56bfc062723c751e8b465ee728b)  -> (artifact id: '679d477286397cc5b871e5b229aac023') in 0.008436 seconds 
  Import took 0.011970 seconds .

========================================================================
Received Import Request.
  Time since last request: 0.000241 seconds.
  path: Assets/Tiles/SPA_Rock_Grass_Water_9.asset
  artifactKey: Guid(9d2765eb626e6447fa3507b7640a26a7) Importer(815301076,1909f56bfc062723c751e8b465ee728b)
Start importing Assets/Tiles/SPA_Rock_Grass_Water_9.asset using Guid(9d2765eb626e6447fa3507b7640a26a7) Importer(815301076,1909f56bfc062723c751e8b465ee728b)  -> (artifact id: 'a73ed2c10481a117fccaf0a041bb6ba9') in 0.004601 seconds 
  Import took 0.008776 seconds .

========================================================================
Received Import Request.
  Time since last request: 343.166967 seconds.
  path: Assets/Sprites/SPA_Rock_Grass_Water.png
  artifactKey: Guid(1047f5633dbc643b593bd449432bc9cf) Importer(815301076,1909f56bfc062723c751e8b465ee728b)
Start importing Assets/Sprites/SPA_Rock_Grass_Water.png using Guid(1047f5633dbc643b593bd449432bc9cf) Importer(815301076,1909f56bfc062723c751e8b465ee728b)  -> (artifact id: '2650f97690c6f6b4d6c22ecdd9f0e86e') in 0.161056 seconds 
  Import took 0.167158 seconds .

========================================================================
Received Import Request.
  Time since last request: 108510.721553 seconds.
  path: ProjectSettings/TagManager.asset
  artifactKey: Guid(00000000000000003000000000000000) Importer(815301076,1909f56bfc062723c751e8b465ee728b)
Start importing ProjectSettings/TagManager.asset using Guid(00000000000000003000000000000000) Importer(815301076,1909f56bfc062723c751e8b465ee728b)  -> (artifact id: '95df672b4aaba54310d34c83eef51bb8') in 0.187881 seconds 
  Import took 0.331662 seconds .

========================================================================
Received Prepare
Registering precompiled user dll's ...
Registered in 0.003398 seconds.
Begin MonoManager ReloadAssembly
Native extension for OSXStandalone target not found
Native extension for WebGL target not found
Refreshing native plugins compatible for Editor in 0.71 ms, found 3 plugins.
Preloading 0 native plugins for Editor in 0.00 ms.
Mono: successfully reloaded assembly
- Completed reload, in  5.056 seconds
Platform modules already initialized, skipping
Refreshing native plugins compatible for Editor in 0.91 ms, found 3 plugins.
Preloading 0 native plugins for Editor in 0.00 ms.
Unloading 2095 Unused Serialized files (Serialized files now loaded: 0)
System memory in use before: 193.9 MB.
System memory in use after: 193.9 MB.

Unloading 22 unused Assets to reduce memory usage. Loaded Objects now: 2557.
Total: 52.218230 ms (FindLiveObjects: 23.197870 ms CreateObjectMapping: 0.390949 ms MarkObjects: 26.800115 ms  DeleteObjects: 1.826446 ms)

AssetImportParameters requested are different than current active one (requested -> active):
  custom:video-decoder-ogg-theora: a1e56fd34408186e4bbccfd4996cb3dc -> 
  custom:container-muxer-webm: aa71ff27fc2769a1b78a27578f13a17b -> 
  custom:container-demuxer-webm: 4f35f7cbe854078d1ac9338744f61a02 -> 
  custom:container-demuxer-ogg: 62fdf1f143b41e24485cea50d1cbac27 -> 
  custom:video-encoder-webm-vp8: eb34c28f22e8b96e1ab97ce403110664 -> 
  custom:framework-osx-AVFoundation: e770b220cccbd017edd2c1fefb359320 -> 
  custom:video-decoder-webm-vp8: 9c59270c3fd7afecdb556c50c9e8de78 -> 
  custom:audio-decoder-ogg-vorbis: bf7c407c2cedff20999df2af8eb42d56 -> 
  custom:audio-encoder-webm-vorbis: bf7c407c2cedff20999df2af8eb42d56 -> 
========================================================================
Received Import Request.
  Time since last request: 934.071294 seconds.
  path: Assets/Sprites/New Rule Tile.asset
  artifactKey: Guid(1b0faa556781747749ee3bb77560001f) Importer(815301076,1909f56bfc062723c751e8b465ee728b)
Start importing Assets/Sprites/New Rule Tile.asset using Guid(1b0faa556781747749ee3bb77560001f) Importer(815301076,1909f56bfc062723c751e8b465ee728b)  -> (artifact id: '08d5abc01ab272cc8d30297167ccb6f9') in 0.073848 seconds 
  Import took 0.080397 seconds .

========================================================================
Received Import Request.
  Time since last request: 20.610550 seconds.
  path: Assets/Sprites/Rule Tile.asset
  artifactKey: Guid(1b0faa556781747749ee3bb77560001f) Importer(815301076,1909f56bfc062723c751e8b465ee728b)
Start importing Assets/Sprites/Rule Tile.asset using Guid(1b0faa556781747749ee3bb77560001f) Importer(815301076,1909f56bfc062723c751e8b465ee728b)  -> (artifact id: 'd042aa60ab115f075fdb190137badffe') in 0.004081 seconds 
  Import took 0.008227 seconds .

========================================================================
Received Import Request.
  Time since last request: 0.048229 seconds.
  path: Assets/Sprites/Rule Tile.asset
  artifactKey: Guid(1b0faa556781747749ee3bb77560001f) Importer(815301076,1909f56bfc062723c751e8b465ee728b)
Start importing Assets/Sprites/Rule Tile.asset using Guid(1b0faa556781747749ee3bb77560001f) Importer(815301076,1909f56bfc062723c751e8b465ee728b)  -> (artifact id: 'd042aa60ab115f075fdb190137badffe') in 0.004315 seconds 
  Import took 0.008063 seconds .

========================================================================
Received Import Request.
  Time since last request: 35608.506002 seconds.
  path: Assets/Animations
  artifactKey: Guid(78dbeb064a8e64a5cb61e7081932fee1) Importer(815301076,1909f56bfc062723c751e8b465ee728b)
Start importing Assets/Animations using Guid(78dbeb064a8e64a5cb61e7081932fee1) Importer(815301076,1909f56bfc062723c751e8b465ee728b)  -> (artifact id: '228284f5ed72aac205c3488a2a88402c') in 0.047295 seconds 
  Import took 0.571272 seconds .

========================================================================
Received Import Request.
  Time since last request: 21.489335 seconds.
  path: Assets/Animations/Player.controller
  artifactKey: Guid(fb1df1a83ce0d4c698191c570a633403) Importer(815301076,1909f56bfc062723c751e8b465ee728b)
Start importing Assets/Animations/Player.controller using Guid(fb1df1a83ce0d4c698191c570a633403) Importer(815301076,1909f56bfc062723c751e8b465ee728b)  -> (artifact id: '6b33d2f4f65b44d47b096c513b6dea43') in 0.752030 seconds 
  Import took 0.758452 seconds .

========================================================================
Received Import Request.
  Time since last request: 161.434708 seconds.
  path: Assets/Sprites/New Animation.anim
  artifactKey: Guid(10cb1d205a575481e99d26e78f927e79) Importer(815301076,1909f56bfc062723c751e8b465ee728b)
Start importing Assets/Sprites/New Animation.anim using Guid(10cb1d205a575481e99d26e78f927e79) Importer(815301076,1909f56bfc062723c751e8b465ee728b)  -> (artifact id: '4d16273448cf07f63bbf6a8da00b7253') in 0.173774 seconds 
  Import took 0.180789 seconds .

========================================================================
Received Import Request.
  Time since last request: 15.231336 seconds.
  path: Assets/Sprites/Idle.anim
  artifactKey: Guid(10cb1d205a575481e99d26e78f927e79) Importer(815301076,1909f56bfc062723c751e8b465ee728b)
Start importing Assets/Sprites/Idle.anim using Guid(10cb1d205a575481e99d26e78f927e79) Importer(815301076,1909f56bfc062723c751e8b465ee728b)  -> (artifact id: '9b0a632c734b0e41b8a2ffc19217a139') in 0.005884 seconds 
  Import took 0.010770 seconds .

========================================================================
Received Prepare
Registering precompiled user dll's ...
Registered in 0.007655 seconds.
Begin MonoManager ReloadAssembly
Native extension for OSXStandalone target not found
Native extension for WebGL target not found
Refreshing native plugins compatible for Editor in 0.72 ms, found 3 plugins.
Preloading 0 native plugins for Editor in 0.00 ms.
Mono: successfully reloaded assembly
- Completed reload, in  2.948 seconds
Platform modules already initialized, skipping
Refreshing native plugins compatible for Editor in 0.76 ms, found 3 plugins.
Preloading 0 native plugins for Editor in 0.00 ms.
Unloading 2095 Unused Serialized files (Serialized files now loaded: 0)
System memory in use before: 202.5 MB.
System memory in use after: 202.5 MB.

Unloading 21 unused Assets to reduce memory usage. Loaded Objects now: 2561.
Total: 15.041214 ms (FindLiveObjects: 5.279277 ms CreateObjectMapping: 0.248642 ms MarkObjects: 8.331622 ms  DeleteObjects: 1.178934 ms)

AssetImportParameters requested are different than current active one (requested -> active):
  custom:video-decoder-ogg-theora: a1e56fd34408186e4bbccfd4996cb3dc -> 
  custom:container-muxer-webm: aa71ff27fc2769a1b78a27578f13a17b -> 
  custom:container-demuxer-webm: 4f35f7cbe854078d1ac9338744f61a02 -> 
  custom:container-demuxer-ogg: 62fdf1f143b41e24485cea50d1cbac27 -> 
  custom:video-encoder-webm-vp8: eb34c28f22e8b96e1ab97ce403110664 -> 
  custom:framework-osx-AVFoundation: e770b220cccbd017edd2c1fefb359320 -> 
  custom:video-decoder-webm-vp8: 9c59270c3fd7afecdb556c50c9e8de78 -> 
  custom:audio-decoder-ogg-vorbis: bf7c407c2cedff20999df2af8eb42d56 -> 
  custom:audio-encoder-webm-vorbis: bf7c407c2cedff20999df2af8eb42d56 -> 
========================================================================
Received Import Request.
  Time since last request: 1895.678564 seconds.
  path: Assets/Sprites/Running.anim
  artifactKey: Guid(79b697e14d27949c7a6ed12c7ab9b0f2) Importer(815301076,1909f56bfc062723c751e8b465ee728b)
Start importing Assets/Sprites/Running.anim using Guid(79b697e14d27949c7a6ed12c7ab9b0f2) Importer(815301076,1909f56bfc062723c751e8b465ee728b)  -> (artifact id: 'adcc525c7ed9358d9ae029ecc25a642b') in 0.073842 seconds 
  Import took 0.080487 seconds .

========================================================================
Received Prepare
Registering precompiled user dll's ...
Registered in 0.003215 seconds.
Begin MonoManager ReloadAssembly
Native extension for OSXStandalone target not found
Native extension for WebGL target not found
Refreshing native plugins compatible for Editor in 0.52 ms, found 3 plugins.
Preloading 0 native plugins for Editor in 0.00 ms.
Mono: successfully reloaded assembly
- Completed reload, in  1.510 seconds
Platform modules already initialized, skipping
Refreshing native plugins compatible for Editor in 0.42 ms, found 3 plugins.
Preloading 0 native plugins for Editor in 0.00 ms.
Unloading 2095 Unused Serialized files (Serialized files now loaded: 0)
System memory in use before: 202.8 MB.
System memory in use after: 202.8 MB.

Unloading 21 unused Assets to reduce memory usage. Loaded Objects now: 2565.
Total: 3.087404 ms (FindLiveObjects: 0.445911 ms CreateObjectMapping: 0.150917 ms MarkObjects: 2.311869 ms  DeleteObjects: 0.176133 ms)

AssetImportParameters requested are different than current active one (requested -> active):
  custom:video-decoder-ogg-theora: a1e56fd34408186e4bbccfd4996cb3dc -> 
  custom:container-muxer-webm: aa71ff27fc2769a1b78a27578f13a17b -> 
  custom:container-demuxer-webm: 4f35f7cbe854078d1ac9338744f61a02 -> 
  custom:container-demuxer-ogg: 62fdf1f143b41e24485cea50d1cbac27 -> 
  custom:video-encoder-webm-vp8: eb34c28f22e8b96e1ab97ce403110664 -> 
  custom:framework-osx-AVFoundation: e770b220cccbd017edd2c1fefb359320 -> 
  custom:video-decoder-webm-vp8: 9c59270c3fd7afecdb556c50c9e8de78 -> 
  custom:audio-decoder-ogg-vorbis: bf7c407c2cedff20999df2af8eb42d56 -> 
  custom:audio-encoder-webm-vorbis: bf7c407c2cedff20999df2af8eb42d56 -> 
========================================================================
Received Import Request.
  Time since last request: 743.150765 seconds.
  path: Assets/Sprites/Climbing.anim
  artifactKey: Guid(83efed47ae3ac4976949808167766136) Importer(815301076,1909f56bfc062723c751e8b465ee728b)
Start importing Assets/Sprites/Climbing.anim using Guid(83efed47ae3ac4976949808167766136) Importer(815301076,1909f56bfc062723c751e8b465ee728b)  -> (artifact id: 'c73359624e59256c8a2b4ef13ca1ed0a') in 0.019116 seconds 
  Import took 0.025097 seconds .

========================================================================
Received Prepare
Registering precompiled user dll's ...
Registered in 0.008258 seconds.
Begin MonoManager ReloadAssembly
Native extension for OSXStandalone target not found
Native extension for WebGL target not found
Refreshing native plugins compatible for Editor in 0.59 ms, found 3 plugins.
Preloading 0 native plugins for Editor in 0.00 ms.
Mono: successfully reloaded assembly
- Completed reload, in  2.199 seconds
Platform modules already initialized, skipping
Refreshing native plugins compatible for Editor in 0.54 ms, found 3 plugins.
Preloading 0 native plugins for Editor in 0.00 ms.
Unloading 2095 Unused Serialized files (Serialized files now loaded: 0)
System memory in use before: 203.0 MB.
System memory in use after: 203.0 MB.

Unloading 21 unused Assets to reduce memory usage. Loaded Objects now: 2569.
Total: 9.823260 ms (FindLiveObjects: 0.429717 ms CreateObjectMapping: 0.116564 ms MarkObjects: 9.008845 ms  DeleteObjects: 0.265833 ms)

AssetImportParameters requested are different than current active one (requested -> active):
  custom:video-decoder-ogg-theora: a1e56fd34408186e4bbccfd4996cb3dc -> 
  custom:container-muxer-webm: aa71ff27fc2769a1b78a27578f13a17b -> 
  custom:container-demuxer-webm: 4f35f7cbe854078d1ac9338744f61a02 -> 
  custom:container-demuxer-ogg: 62fdf1f143b41e24485cea50d1cbac27 -> 
  custom:video-encoder-webm-vp8: eb34c28f22e8b96e1ab97ce403110664 -> 
  custom:framework-osx-AVFoundation: e770b220cccbd017edd2c1fefb359320 -> 
  custom:video-decoder-webm-vp8: 9c59270c3fd7afecdb556c50c9e8de78 -> 
  custom:audio-decoder-ogg-vorbis: bf7c407c2cedff20999df2af8eb42d56 -> 
  custom:audio-encoder-webm-vorbis: bf7c407c2cedff20999df2af8eb42d56 -> 
========================================================================
Received Import Request.
  Time since last request: 5663.747248 seconds.
  path: Assets/Circle.prefab
  artifactKey: Guid(beeb07c1973804780a9f8b2dfacc0ffb) Importer(815301076,1909f56bfc062723c751e8b465ee728b)
Start importing Assets/Circle.prefab using Guid(beeb07c1973804780a9f8b2dfacc0ffb) Importer(815301076,1909f56bfc062723c751e8b465ee728b)  -> (artifact id: '458bed9fc45a1504da1c5fc9fc166e5c') in 0.390042 seconds 
  Import took 0.397743 seconds .

========================================================================
Received Import Request.
  Time since last request: 0.037739 seconds.
  path: Assets/Circle.prefab
  artifactKey: Guid(beeb07c1973804780a9f8b2dfacc0ffb) Importer(815301076,1909f56bfc062723c751e8b465ee728b)
Start importing Assets/Circle.prefab using Guid(beeb07c1973804780a9f8b2dfacc0ffb) Importer(815301076,1909f56bfc062723c751e8b465ee728b)  -> (artifact id: '458bed9fc45a1504da1c5fc9fc166e5c') in 0.008985 seconds 
  Import took 0.013652 seconds .

========================================================================
Received Import Request.
  Time since last request: 470.785705 seconds.
  path: Assets/Prefabs
  artifactKey: Guid(85e3cee1e4a544ab9a437e920db0896a) Importer(815301076,1909f56bfc062723c751e8b465ee728b)
Start importing Assets/Prefabs using Guid(85e3cee1e4a544ab9a437e920db0896a) Importer(815301076,1909f56bfc062723c751e8b465ee728b)  -> (artifact id: 'b7567e491e4e7287ffc9ec627ae7be72') in 0.001646 seconds 
  Import took 0.006226 seconds .

========================================================================
Received Import Request.
  Time since last request: 6.347644 seconds.
  path: Assets/Prefabs/Ginger (Player).prefab
  artifactKey: Guid(eb3edda78ed46440080bf58c3008ad9a) Importer(815301076,1909f56bfc062723c751e8b465ee728b)
Start importing Assets/Prefabs/Ginger (Player).prefab using Guid(eb3edda78ed46440080bf58c3008ad9a) Importer(815301076,1909f56bfc062723c751e8b465ee728b) The Animator Controller (Player) you have used is not valid. Animations will not play
UnityEngine.StackTraceUtility:ExtractStackTrace () (at /Users/bokken/buildslave/unity/build/Runtime/Export/Scripting/StackTrace.cs:37)
UnityEditor.EditorUtility:Internal_InstantiateRemoveAllNonAnimationComponentsSingle (UnityEngine.Object,UnityEngine.Vector3,UnityEngine.Quaternion)
UnityEditor.EditorUtility:InstantiateRemoveAllNonAnimationComponents (UnityEngine.Object,UnityEngine.Vector3,UnityEngine.Quaternion) (at /Users/bokken/buildslave/unity/build/Editor/Mono/EditorUtility.cs:636)
UnityEditor.EditorUtility:InstantiateForAnimatorPreview (UnityEngine.Object) (at /Users/bokken/buildslave/unity/build/Editor/Mono/EditorUtility.cs:602)
UnityEditor.GameObjectInspector/PreviewData:UpdateGameObject (UnityEngine.Object) (at /Users/bokken/buildslave/unity/build/Editor/Mono/Inspector/GameObjectInspector.cs:97)
UnityEditor.GameObjectInspector/PreviewData:.ctor (UnityEngine.Object) (at /Users/bokken/buildslave/unity/build/Editor/Mono/Inspector/GameObjectInspector.cs:91)
UnityEditor.GameObjectInspector:GetPreviewData () (at /Users/bokken/buildslave/unity/build/Editor/Mono/Inspector/GameObjectInspector.cs:615)
UnityEditor.GameObjectInspector:RenderStaticPreview (string,UnityEngine.Object[],int,int) (at /Users/bokken/buildslave/unity/build/Editor/Mono/Inspector/GameObjectInspector.cs:860)
UnityEditor.AssetPreviewUpdater:CreatePreviewForAsset (UnityEngine.Object,UnityEngine.Object[],string) (at /Users/bokken/buildslave/unity/build/Editor/Mono/AssetPreviewUpdater.cs:33)

[/Users/bokken/buildslave/unity/build/Runtime/Export/Scripting/StackTrace.cs line 37]

The Animator Controller (Player) you have used is not valid. Animations will not play
UnityEngine.StackTraceUtility:ExtractStackTrace () (at /Users/bokken/buildslave/unity/build/Runtime/Export/Scripting/StackTrace.cs:37)
UnityEditor.EditorUtility:InitInstantiatedPreviewRecursive (UnityEngine.GameObject) (at /Users/bokken/buildslave/unity/build/Editor/Mono/EditorUtility.cs:591)
UnityEditor.EditorUtility:InstantiateForAnimatorPreview (UnityEngine.Object) (at /Users/bokken/buildslave/unity/build/Editor/Mono/EditorUtility.cs:605)
UnityEditor.GameObjectInspector/PreviewData:UpdateGameObject (UnityEngine.Object) (at /Users/bokken/buildslave/unity/build/Editor/Mono/Inspector/GameObjectInspector.cs:97)
UnityEditor.GameObjectInspector/PreviewData:.ctor (UnityEngine.Object) (at /Users/bokken/buildslave/unity/build/Editor/Mono/Inspector/GameObjectInspector.cs:91)
UnityEditor.GameObjectInspector:GetPreviewData () (at /Users/bokken/buildslave/unity/build/Editor/Mono/Inspector/GameObjectInspector.cs:615)
UnityEditor.GameObjectInspector:RenderStaticPreview (string,UnityEngine.Object[],int,int) (at /Users/bokken/buildslave/unity/build/Editor/Mono/Inspector/GameObjectInspector.cs:860)
UnityEditor.AssetPreviewUpdater:CreatePreviewForAsset (UnityEngine.Object,UnityEngine.Object[],string) (at /Users/bokken/buildslave/unity/build/Editor/Mono/AssetPreviewUpdater.cs:33)

[/Users/bokken/buildslave/unity/build/Runtime/Export/Scripting/StackTrace.cs line 37]

 -> (artifact id: '786ac84ee7a7f4304402cbf14181ad55') in 0.029408 seconds 
  Import took 0.033838 seconds .

========================================================================
Received Import Request.
  Time since last request: 0.094764 seconds.
  path: Assets/Prefabs/Ginger (Player).prefab
  artifactKey: Guid(eb3edda78ed46440080bf58c3008ad9a) Importer(815301076,1909f56bfc062723c751e8b465ee728b)
Start importing Assets/Prefabs/Ginger (Player).prefab using Guid(eb3edda78ed46440080bf58c3008ad9a) Importer(815301076,1909f56bfc062723c751e8b465ee728b) The Animator Controller (Player) you have used is not valid. Animations will not play
UnityEngine.StackTraceUtility:ExtractStackTrace () (at /Users/bokken/buildslave/unity/build/Runtime/Export/Scripting/StackTrace.cs:37)
UnityEditor.EditorUtility:Internal_InstantiateRemoveAllNonAnimationComponentsSingle (UnityEngine.Object,UnityEngine.Vector3,UnityEngine.Quaternion)
UnityEditor.EditorUtility:InstantiateRemoveAllNonAnimationComponents (UnityEngine.Object,UnityEngine.Vector3,UnityEngine.Quaternion) (at /Users/bokken/buildslave/unity/build/Editor/Mono/EditorUtility.cs:636)
UnityEditor.EditorUtility:InstantiateForAnimatorPreview (UnityEngine.Object) (at /Users/bokken/buildslave/unity/build/Editor/Mono/EditorUtility.cs:602)
UnityEditor.GameObjectInspector/PreviewData:UpdateGameObject (UnityEngine.Object) (at /Users/bokken/buildslave/unity/build/Editor/Mono/Inspector/GameObjectInspector.cs:97)
UnityEditor.GameObjectInspector/PreviewData:.ctor (UnityEngine.Object) (at /Users/bokken/buildslave/unity/build/Editor/Mono/Inspector/GameObjectInspector.cs:91)
UnityEditor.GameObjectInspector:GetPreviewData () (at /Users/bokken/buildslave/unity/build/Editor/Mono/Inspector/GameObjectInspector.cs:615)
UnityEditor.GameObjectInspector:RenderStaticPreview (string,UnityEngine.Object[],int,int) (at /Users/bokken/buildslave/unity/build/Editor/Mono/Inspector/GameObjectInspector.cs:860)
UnityEditor.AssetPreviewUpdater:CreatePreviewForAsset (UnityEngine.Object,UnityEngine.Object[],string) (at /Users/bokken/buildslave/unity/build/Editor/Mono/AssetPreviewUpdater.cs:33)

[/Users/bokken/buildslave/unity/build/Runtime/Export/Scripting/StackTrace.cs line 37]

The Animator Controller (Player) you have used is not valid. Animations will not play
UnityEngine.StackTraceUtility:ExtractStackTrace () (at /Users/bokken/buildslave/unity/build/Runtime/Export/Scripting/StackTrace.cs:37)
UnityEditor.EditorUtility:InitInstantiatedPreviewRecursive (UnityEngine.GameObject) (at /Users/bokken/buildslave/unity/build/Editor/Mono/EditorUtility.cs:591)
UnityEditor.EditorUtility:InstantiateForAnimatorPreview (UnityEngine.Object) (at /Users/bokken/buildslave/unity/build/Editor/Mono/EditorUtility.cs:605)
UnityEditor.GameObjectInspector/PreviewData:UpdateGameObject (UnityEngine.Object) (at /Users/bokken/buildslave/unity/build/Editor/Mono/Inspector/GameObjectInspector.cs:97)
UnityEditor.GameObjectInspector/PreviewData:.ctor (UnityEngine.Object) (at /Users/bokken/buildslave/unity/build/Editor/Mono/Inspector/GameObjectInspector.cs:91)
UnityEditor.GameObjectInspector:GetPreviewData () (at /Users/bokken/buildslave/unity/build/Editor/Mono/Inspector/GameObjectInspector.cs:615)
UnityEditor.GameObjectInspector:RenderStaticPreview (string,UnityEngine.Object[],int,int) (at /Users/bokken/buildslave/unity/build/Editor/Mono/Inspector/GameObjectInspector.cs:860)
UnityEditor.AssetPreviewUpdater:CreatePreviewForAsset (UnityEngine.Object,UnityEngine.Object[],string) (at /Users/bokken/buildslave/unity/build/Editor/Mono/AssetPreviewUpdater.cs:33)

[/Users/bokken/buildslave/unity/build/Runtime/Export/Scripting/StackTrace.cs line 37]

 -> (artifact id: '786ac84ee7a7f4304402cbf14181ad55') in 0.011909 seconds 
  Import took 0.016396 seconds .

========================================================================
Received Import Request.
  Time since last request: 360.721849 seconds.
  path: Assets/Prefabs/Ginger (Player).prefab
  artifactKey: Guid(eb3edda78ed46440080bf58c3008ad9a) Importer(815301076,1909f56bfc062723c751e8b465ee728b)
Start importing Assets/Prefabs/Ginger (Player).prefab using Guid(eb3edda78ed46440080bf58c3008ad9a) Importer(815301076,1909f56bfc062723c751e8b465ee728b) The Animator Controller (Player) you have used is not valid. Animations will not play
UnityEngine.StackTraceUtility:ExtractStackTrace () (at /Users/bokken/buildslave/unity/build/Runtime/Export/Scripting/StackTrace.cs:37)
UnityEditor.EditorUtility:Internal_InstantiateRemoveAllNonAnimationComponentsSingle (UnityEngine.Object,UnityEngine.Vector3,UnityEngine.Quaternion)
UnityEditor.EditorUtility:InstantiateRemoveAllNonAnimationComponents (UnityEngine.Object,UnityEngine.Vector3,UnityEngine.Quaternion) (at /Users/bokken/buildslave/unity/build/Editor/Mono/EditorUtility.cs:636)
UnityEditor.EditorUtility:InstantiateForAnimatorPreview (UnityEngine.Object) (at /Users/bokken/buildslave/unity/build/Editor/Mono/EditorUtility.cs:602)
UnityEditor.GameObjectInspector/PreviewData:UpdateGameObject (UnityEngine.Object) (at /Users/bokken/buildslave/unity/build/Editor/Mono/Inspector/GameObjectInspector.cs:97)
UnityEditor.GameObjectInspector/PreviewData:.ctor (UnityEngine.Object) (at /Users/bokken/buildslave/unity/build/Editor/Mono/Inspector/GameObjectInspector.cs:91)
UnityEditor.GameObjectInspector:GetPreviewData () (at /Users/bokken/buildslave/unity/build/Editor/Mono/Inspector/GameObjectInspector.cs:615)
UnityEditor.GameObjectInspector:RenderStaticPreview (string,UnityEngine.Object[],int,int) (at /Users/bokken/buildslave/unity/build/Editor/Mono/Inspector/GameObjectInspector.cs:860)
UnityEditor.AssetPreviewUpdater:CreatePreviewForAsset (UnityEngine.Object,UnityEngine.Object[],string) (at /Users/bokken/buildslave/unity/build/Editor/Mono/AssetPreviewUpdater.cs:33)

[/Users/bokken/buildslave/unity/build/Runtime/Export/Scripting/StackTrace.cs line 37]

The Animator Controller (Player) you have used is not valid. Animations will not play
UnityEngine.StackTraceUtility:ExtractStackTrace () (at /Users/bokken/buildslave/unity/build/Runtime/Export/Scripting/StackTrace.cs:37)
UnityEditor.EditorUtility:InitInstantiatedPreviewRecursive (UnityEngine.GameObject) (at /Users/bokken/buildslave/unity/build/Editor/Mono/EditorUtility.cs:591)
UnityEditor.EditorUtility:InstantiateForAnimatorPreview (UnityEngine.Object) (at /Users/bokken/buildslave/unity/build/Editor/Mono/EditorUtility.cs:605)
UnityEditor.GameObjectInspector/PreviewData:UpdateGameObject (UnityEngine.Object) (at /Users/bokken/buildslave/unity/build/Editor/Mono/Inspector/GameObjectInspector.cs:97)
UnityEditor.GameObjectInspector/PreviewData:.ctor (UnityEngine.Object) (at /Users/bokken/buildslave/unity/build/Editor/Mono/Inspector/GameObjectInspector.cs:91)
UnityEditor.GameObjectInspector:GetPreviewData () (at /Users/bokken/buildslave/unity/build/Editor/Mono/Inspector/GameObjectInspector.cs:615)
UnityEditor.GameObjectInspector:RenderStaticPreview (string,UnityEngine.Object[],int,int) (at /Users/bokken/buildslave/unity/build/Editor/Mono/Inspector/GameObjectInspector.cs:860)
UnityEditor.AssetPreviewUpdater:CreatePreviewForAsset (UnityEngine.Object,UnityEngine.Object[],string) (at /Users/bokken/buildslave/unity/build/Editor/Mono/AssetPreviewUpdater.cs:33)

[/Users/bokken/buildslave/unity/build/Runtime/Export/Scripting/StackTrace.cs line 37]

 -> (artifact id: '01837ac0fd4cd6c385953a6e0e0b97a4') in 0.103336 seconds 
  Import took 0.169634 seconds .

========================================================================
Received Import Request.
  Time since last request: 28.988124 seconds.
  path: Assets/Prefabs/Ginger (Player).prefab
  artifactKey: Guid(eb3edda78ed46440080bf58c3008ad9a) Importer(815301076,1909f56bfc062723c751e8b465ee728b)
Start importing Assets/Prefabs/Ginger (Player).prefab using Guid(eb3edda78ed46440080bf58c3008ad9a) Importer(815301076,1909f56bfc062723c751e8b465ee728b) The Animator Controller (Player) you have used is not valid. Animations will not play
UnityEngine.StackTraceUtility:ExtractStackTrace () (at /Users/bokken/buildslave/unity/build/Runtime/Export/Scripting/StackTrace.cs:37)
UnityEditor.EditorUtility:Internal_InstantiateRemoveAllNonAnimationComponentsSingle (UnityEngine.Object,UnityEngine.Vector3,UnityEngine.Quaternion)
UnityEditor.EditorUtility:InstantiateRemoveAllNonAnimationComponents (UnityEngine.Object,UnityEngine.Vector3,UnityEngine.Quaternion) (at /Users/bokken/buildslave/unity/build/Editor/Mono/EditorUtility.cs:636)
UnityEditor.EditorUtility:InstantiateForAnimatorPreview (UnityEngine.Object) (at /Users/bokken/buildslave/unity/build/Editor/Mono/EditorUtility.cs:602)
UnityEditor.GameObjectInspector/PreviewData:UpdateGameObject (UnityEngine.Object) (at /Users/bokken/buildslave/unity/build/Editor/Mono/Inspector/GameObjectInspector.cs:97)
UnityEditor.GameObjectInspector/PreviewData:.ctor (UnityEngine.Object) (at /Users/bokken/buildslave/unity/build/Editor/Mono/Inspector/GameObjectInspector.cs:91)
UnityEditor.GameObjectInspector:GetPreviewData () (at /Users/bokken/buildslave/unity/build/Editor/Mono/Inspector/GameObjectInspector.cs:615)
UnityEditor.GameObjectInspector:RenderStaticPreview (string,UnityEngine.Object[],int,int) (at /Users/bokken/buildslave/unity/build/Editor/Mono/Inspector/GameObjectInspector.cs:860)
UnityEditor.AssetPreviewUpdater:CreatePreviewForAsset (UnityEngine.Object,UnityEngine.Object[],string) (at /Users/bokken/buildslave/unity/build/Editor/Mono/AssetPreviewUpdater.cs:33)

[/Users/bokken/buildslave/unity/build/Runtime/Export/Scripting/StackTrace.cs line 37]

The Animator Controller (Player) you have used is not valid. Animations will not play
UnityEngine.StackTraceUtility:ExtractStackTrace () (at /Users/bokken/buildslave/unity/build/Runtime/Export/Scripting/StackTrace.cs:37)
UnityEditor.EditorUtility:InitInstantiatedPreviewRecursive (UnityEngine.GameObject) (at /Users/bokken/buildslave/unity/build/Editor/Mono/EditorUtility.cs:591)
UnityEditor.EditorUtility:InstantiateForAnimatorPreview (UnityEngine.Object) (at /Users/bokken/buildslave/unity/build/Editor/Mono/EditorUtility.cs:605)
UnityEditor.GameObjectInspector/PreviewData:UpdateGameObject (UnityEngine.Object) (at /Users/bokken/buildslave/unity/build/Editor/Mono/Inspector/GameObjectInspector.cs:97)
UnityEditor.GameObjectInspector/PreviewData:.ctor (UnityEngine.Object) (at /Users/bokken/buildslave/unity/build/Editor/Mono/Inspector/GameObjectInspector.cs:91)
UnityEditor.GameObjectInspector:GetPreviewData () (at /Users/bokken/buildslave/unity/build/Editor/Mono/Inspector/GameObjectInspector.cs:615)
UnityEditor.GameObjectInspector:RenderStaticPreview (string,UnityEngine.Object[],int,int) (at /Users/bokken/buildslave/unity/build/Editor/Mono/Inspector/GameObjectInspector.cs:860)
UnityEditor.AssetPreviewUpdater:CreatePreviewForAsset (UnityEngine.Object,UnityEngine.Object[],string) (at /Users/bokken/buildslave/unity/build/Editor/Mono/AssetPreviewUpdater.cs:33)

[/Users/bokken/buildslave/unity/build/Runtime/Export/Scripting/StackTrace.cs line 37]

 -> (artifact id: '54d8573cd7762322799f65a7219eabe0') in 0.017805 seconds 
  Import took 0.021900 seconds .

========================================================================
Received Import Request.
  Time since last request: 2.216459 seconds.
  path: Assets/Prefabs/Ginger (Player).prefab
  artifactKey: Guid(eb3edda78ed46440080bf58c3008ad9a) Importer(815301076,1909f56bfc062723c751e8b465ee728b)
Start importing Assets/Prefabs/Ginger (Player).prefab using Guid(eb3edda78ed46440080bf58c3008ad9a) Importer(815301076,1909f56bfc062723c751e8b465ee728b) The Animator Controller (Player) you have used is not valid. Animations will not play
UnityEngine.StackTraceUtility:ExtractStackTrace () (at /Users/bokken/buildslave/unity/build/Runtime/Export/Scripting/StackTrace.cs:37)
UnityEditor.EditorUtility:Internal_InstantiateRemoveAllNonAnimationComponentsSingle (UnityEngine.Object,UnityEngine.Vector3,UnityEngine.Quaternion)
UnityEditor.EditorUtility:InstantiateRemoveAllNonAnimationComponents (UnityEngine.Object,UnityEngine.Vector3,UnityEngine.Quaternion) (at /Users/bokken/buildslave/unity/build/Editor/Mono/EditorUtility.cs:636)
UnityEditor.EditorUtility:InstantiateForAnimatorPreview (UnityEngine.Object) (at /Users/bokken/buildslave/unity/build/Editor/Mono/EditorUtility.cs:602)
UnityEditor.GameObjectInspector/PreviewData:UpdateGameObject (UnityEngine.Object) (at /Users/bokken/buildslave/unity/build/Editor/Mono/Inspector/GameObjectInspector.cs:97)
UnityEditor.GameObjectInspector/PreviewData:.ctor (UnityEngine.Object) (at /Users/bokken/buildslave/unity/build/Editor/Mono/Inspector/GameObjectInspector.cs:91)
UnityEditor.GameObjectInspector:GetPreviewData () (at /Users/bokken/buildslave/unity/build/Editor/Mono/Inspector/GameObjectInspector.cs:615)
UnityEditor.GameObjectInspector:RenderStaticPreview (string,UnityEngine.Object[],int,int) (at /Users/bokken/buildslave/unity/build/Editor/Mono/Inspector/GameObjectInspector.cs:860)
UnityEditor.AssetPreviewUpdater:CreatePreviewForAsset (UnityEngine.Object,UnityEngine.Object[],string) (at /Users/bokken/buildslave/unity/build/Editor/Mono/AssetPreviewUpdater.cs:33)

[/Users/bokken/buildslave/unity/build/Runtime/Export/Scripting/StackTrace.cs line 37]

The Animator Controller (Player) you have used is not valid. Animations will not play
UnityEngine.StackTraceUtility:ExtractStackTrace () (at /Users/bokken/buildslave/unity/build/Runtime/Export/Scripting/StackTrace.cs:37)
UnityEditor.EditorUtility:InitInstantiatedPreviewRecursive (UnityEngine.GameObject) (at /Users/bokken/buildslave/unity/build/Editor/Mono/EditorUtility.cs:591)
UnityEditor.EditorUtility:InstantiateForAnimatorPreview (UnityEngine.Object) (at /Users/bokken/buildslave/unity/build/Editor/Mono/EditorUtility.cs:605)
UnityEditor.GameObjectInspector/PreviewData:UpdateGameObject (UnityEngine.Object) (at /Users/bokken/buildslave/unity/build/Editor/Mono/Inspector/GameObjectInspector.cs:97)
UnityEditor.GameObjectInspector/PreviewData:.ctor (UnityEngine.Object) (at /Users/bokken/buildslave/unity/build/Editor/Mono/Inspector/GameObjectInspector.cs:91)
UnityEditor.GameObjectInspector:GetPreviewData () (at /Users/bokken/buildslave/unity/build/Editor/Mono/Inspector/GameObjectInspector.cs:615)
UnityEditor.GameObjectInspector:RenderStaticPreview (string,UnityEngine.Object[],int,int) (at /Users/bokken/buildslave/unity/build/Editor/Mono/Inspector/GameObjectInspector.cs:860)
UnityEditor.AssetPreviewUpdater:CreatePreviewForAsset (UnityEngine.Object,UnityEngine.Object[],string) (at /Users/bokken/buildslave/unity/build/Editor/Mono/AssetPreviewUpdater.cs:33)

[/Users/bokken/buildslave/unity/build/Runtime/Export/Scripting/StackTrace.cs line 37]

 -> (artifact id: 'bac2fbf95e823956f37a56ed32260fe9') in 0.010698 seconds 
  Import took 0.015586 seconds .

========================================================================
Received Import Request.
  Time since last request: 2.495373 seconds.
  path: Assets/Prefabs/Ginger (Player).prefab
  artifactKey: Guid(eb3edda78ed46440080bf58c3008ad9a) Importer(815301076,1909f56bfc062723c751e8b465ee728b)
Start importing Assets/Prefabs/Ginger (Player).prefab using Guid(eb3edda78ed46440080bf58c3008ad9a) Importer(815301076,1909f56bfc062723c751e8b465ee728b) The Animator Controller (Player) you have used is not valid. Animations will not play
UnityEngine.StackTraceUtility:ExtractStackTrace () (at /Users/bokken/buildslave/unity/build/Runtime/Export/Scripting/StackTrace.cs:37)
UnityEditor.EditorUtility:Internal_InstantiateRemoveAllNonAnimationComponentsSingle (UnityEngine.Object,UnityEngine.Vector3,UnityEngine.Quaternion)
UnityEditor.EditorUtility:InstantiateRemoveAllNonAnimationComponents (UnityEngine.Object,UnityEngine.Vector3,UnityEngine.Quaternion) (at /Users/bokken/buildslave/unity/build/Editor/Mono/EditorUtility.cs:636)
UnityEditor.EditorUtility:InstantiateForAnimatorPreview (UnityEngine.Object) (at /Users/bokken/buildslave/unity/build/Editor/Mono/EditorUtility.cs:602)
UnityEditor.GameObjectInspector/PreviewData:UpdateGameObject (UnityEngine.Object) (at /Users/bokken/buildslave/unity/build/Editor/Mono/Inspector/GameObjectInspector.cs:97)
UnityEditor.GameObjectInspector/PreviewData:.ctor (UnityEngine.Object) (at /Users/bokken/buildslave/unity/build/Editor/Mono/Inspector/GameObjectInspector.cs:91)
UnityEditor.GameObjectInspector:GetPreviewData () (at /Users/bokken/buildslave/unity/build/Editor/Mono/Inspector/GameObjectInspector.cs:615)
UnityEditor.GameObjectInspector:RenderStaticPreview (string,UnityEngine.Object[],int,int) (at /Users/bokken/buildslave/unity/build/Editor/Mono/Inspector/GameObjectInspector.cs:860)
UnityEditor.AssetPreviewUpdater:CreatePreviewForAsset (UnityEngine.Object,UnityEngine.Object[],string) (at /Users/bokken/buildslave/unity/build/Editor/Mono/AssetPreviewUpdater.cs:33)

[/Users/bokken/buildslave/unity/build/Runtime/Export/Scripting/StackTrace.cs line 37]

The Animator Controller (Player) you have used is not valid. Animations will not play
UnityEngine.StackTraceUtility:ExtractStackTrace () (at /Users/bokken/buildslave/unity/build/Runtime/Export/Scripting/StackTrace.cs:37)
UnityEditor.EditorUtility:InitInstantiatedPreviewRecursive (UnityEngine.GameObject) (at /Users/bokken/buildslave/unity/build/Editor/Mono/EditorUtility.cs:591)
UnityEditor.EditorUtility:InstantiateForAnimatorPreview (UnityEngine.Object) (at /Users/bokken/buildslave/unity/build/Editor/Mono/EditorUtility.cs:605)
UnityEditor.GameObjectInspector/PreviewData:UpdateGameObject (UnityEngine.Object) (at /Users/bokken/buildslave/unity/build/Editor/Mono/Inspector/GameObjectInspector.cs:97)
UnityEditor.GameObjectInspector/PreviewData:.ctor (UnityEngine.Object) (at /Users/bokken/buildslave/unity/build/Editor/Mono/Inspector/GameObjectInspector.cs:91)
UnityEditor.GameObjectInspector:GetPreviewData () (at /Users/bokken/buildslave/unity/build/Editor/Mono/Inspector/GameObjectInspector.cs:615)
UnityEditor.GameObjectInspector:RenderStaticPreview (string,UnityEngine.Object[],int,int) (at /Users/bokken/buildslave/unity/build/Editor/Mono/Inspector/GameObjectInspector.cs:860)
UnityEditor.AssetPreviewUpdater:CreatePreviewForAsset (UnityEngine.Object,UnityEngine.Object[],string) (at /Users/bokken/buildslave/unity/build/Editor/Mono/AssetPreviewUpdater.cs:33)

[/Users/bokken/buildslave/unity/build/Runtime/Export/Scripting/StackTrace.cs line 37]

 -> (artifact id: '5db9840e7b425b05f4696aa06a6d920a') in 0.012287 seconds 
  Import took 0.016132 seconds .

========================================================================
Received Import Request.
  Time since last request: 3.273803 seconds.
  path: Assets/Prefabs/Ginger (Player).prefab
  artifactKey: Guid(eb3edda78ed46440080bf58c3008ad9a) Importer(815301076,1909f56bfc062723c751e8b465ee728b)
Start importing Assets/Prefabs/Ginger (Player).prefab using Guid(eb3edda78ed46440080bf58c3008ad9a) Importer(815301076,1909f56bfc062723c751e8b465ee728b) The Animator Controller (Player) you have used is not valid. Animations will not play
UnityEngine.StackTraceUtility:ExtractStackTrace () (at /Users/bokken/buildslave/unity/build/Runtime/Export/Scripting/StackTrace.cs:37)
UnityEditor.EditorUtility:Internal_InstantiateRemoveAllNonAnimationComponentsSingle (UnityEngine.Object,UnityEngine.Vector3,UnityEngine.Quaternion)
UnityEditor.EditorUtility:InstantiateRemoveAllNonAnimationComponents (UnityEngine.Object,UnityEngine.Vector3,UnityEngine.Quaternion) (at /Users/bokken/buildslave/unity/build/Editor/Mono/EditorUtility.cs:636)
UnityEditor.EditorUtility:InstantiateForAnimatorPreview (UnityEngine.Object) (at /Users/bokken/buildslave/unity/build/Editor/Mono/EditorUtility.cs:602)
UnityEditor.GameObjectInspector/PreviewData:UpdateGameObject (UnityEngine.Object) (at /Users/bokken/buildslave/unity/build/Editor/Mono/Inspector/GameObjectInspector.cs:97)
UnityEditor.GameObjectInspector/PreviewData:.ctor (UnityEngine.Object) (at /Users/bokken/buildslave/unity/build/Editor/Mono/Inspector/GameObjectInspector.cs:91)
UnityEditor.GameObjectInspector:GetPreviewData () (at /Users/bokken/buildslave/unity/build/Editor/Mono/Inspector/GameObjectInspector.cs:615)
UnityEditor.GameObjectInspector:RenderStaticPreview (string,UnityEngine.Object[],int,int) (at /Users/bokken/buildslave/unity/build/Editor/Mono/Inspector/GameObjectInspector.cs:860)
UnityEditor.AssetPreviewUpdater:CreatePreviewForAsset (UnityEngine.Object,UnityEngine.Object[],string) (at /Users/bokken/buildslave/unity/build/Editor/Mono/AssetPreviewUpdater.cs:33)

[/Users/bokken/buildslave/unity/build/Runtime/Export/Scripting/StackTrace.cs line 37]

The Animator Controller (Player) you have used is not valid. Animations will not play
UnityEngine.StackTraceUtility:ExtractStackTrace () (at /Users/bokken/buildslave/unity/build/Runtime/Export/Scripting/StackTrace.cs:37)
UnityEditor.EditorUtility:InitInstantiatedPreviewRecursive (UnityEngine.GameObject) (at /Users/bokken/buildslave/unity/build/Editor/Mono/EditorUtility.cs:591)
UnityEditor.EditorUtility:InstantiateForAnimatorPreview (UnityEngine.Object) (at /Users/bokken/buildslave/unity/build/Editor/Mono/EditorUtility.cs:605)
UnityEditor.GameObjectInspector/PreviewData:UpdateGameObject (UnityEngine.Object) (at /Users/bokken/buildslave/unity/build/Editor/Mono/Inspector/GameObjectInspector.cs:97)
UnityEditor.GameObjectInspector/PreviewData:.ctor (UnityEngine.Object) (at /Users/bokken/buildslave/unity/build/Editor/Mono/Inspector/GameObjectInspector.cs:91)
UnityEditor.GameObjectInspector:GetPreviewData () (at /Users/bokken/buildslave/unity/build/Editor/Mono/Inspector/GameObjectInspector.cs:615)
UnityEditor.GameObjectInspector:RenderStaticPreview (string,UnityEngine.Object[],int,int) (at /Users/bokken/buildslave/unity/build/Editor/Mono/Inspector/GameObjectInspector.cs:860)
UnityEditor.AssetPreviewUpdater:CreatePreviewForAsset (UnityEngine.Object,UnityEngine.Object[],string) (at /Users/bokken/buildslave/unity/build/Editor/Mono/AssetPreviewUpdater.cs:33)

[/Users/bokken/buildslave/unity/build/Runtime/Export/Scripting/StackTrace.cs line 37]

 -> (artifact id: '2cb01e884858e0be341a6d2bd84e2c3e') in 0.008882 seconds 
  Import took 0.012363 seconds .

========================================================================
Received Import Request.
  Time since last request: 15.853837 seconds.
  path: Assets/Prefabs/Ginger (Player).prefab
  artifactKey: Guid(eb3edda78ed46440080bf58c3008ad9a) Importer(815301076,1909f56bfc062723c751e8b465ee728b)
Start importing Assets/Prefabs/Ginger (Player).prefab using Guid(eb3edda78ed46440080bf58c3008ad9a) Importer(815301076,1909f56bfc062723c751e8b465ee728b) The Animator Controller (Player) you have used is not valid. Animations will not play
UnityEngine.StackTraceUtility:ExtractStackTrace () (at /Users/bokken/buildslave/unity/build/Runtime/Export/Scripting/StackTrace.cs:37)
UnityEditor.EditorUtility:Internal_InstantiateRemoveAllNonAnimationComponentsSingle (UnityEngine.Object,UnityEngine.Vector3,UnityEngine.Quaternion)
UnityEditor.EditorUtility:InstantiateRemoveAllNonAnimationComponents (UnityEngine.Object,UnityEngine.Vector3,UnityEngine.Quaternion) (at /Users/bokken/buildslave/unity/build/Editor/Mono/EditorUtility.cs:636)
UnityEditor.EditorUtility:InstantiateForAnimatorPreview (UnityEngine.Object) (at /Users/bokken/buildslave/unity/build/Editor/Mono/EditorUtility.cs:602)
UnityEditor.GameObjectInspector/PreviewData:UpdateGameObject (UnityEngine.Object) (at /Users/bokken/buildslave/unity/build/Editor/Mono/Inspector/GameObjectInspector.cs:97)
UnityEditor.GameObjectInspector/PreviewData:.ctor (UnityEngine.Object) (at /Users/bokken/buildslave/unity/build/Editor/Mono/Inspector/GameObjectInspector.cs:91)
UnityEditor.GameObjectInspector:GetPreviewData () (at /Users/bokken/buildslave/unity/build/Editor/Mono/Inspector/GameObjectInspector.cs:615)
UnityEditor.GameObjectInspector:RenderStaticPreview (string,UnityEngine.Object[],int,int) (at /Users/bokken/buildslave/unity/build/Editor/Mono/Inspector/GameObjectInspector.cs:860)
UnityEditor.AssetPreviewUpdater:CreatePreviewForAsset (UnityEngine.Object,UnityEngine.Object[],string) (at /Users/bokken/buildslave/unity/build/Editor/Mono/AssetPreviewUpdater.cs:33)

[/Users/bokken/buildslave/unity/build/Runtime/Export/Scripting/StackTrace.cs line 37]

The Animator Controller (Player) you have used is not valid. Animations will not play
UnityEngine.StackTraceUtility:ExtractStackTrace () (at /Users/bokken/buildslave/unity/build/Runtime/Export/Scripting/StackTrace.cs:37)
UnityEditor.EditorUtility:InitInstantiatedPreviewRecursive (UnityEngine.GameObject) (at /Users/bokken/buildslave/unity/build/Editor/Mono/EditorUtility.cs:591)
UnityEditor.EditorUtility:InstantiateForAnimatorPreview (UnityEngine.Object) (at /Users/bokken/buildslave/unity/build/Editor/Mono/EditorUtility.cs:605)
UnityEditor.GameObjectInspector/PreviewData:UpdateGameObject (UnityEngine.Object) (at /Users/bokken/buildslave/unity/build/Editor/Mono/Inspector/GameObjectInspector.cs:97)
UnityEditor.GameObjectInspector/PreviewData:.ctor (UnityEngine.Object) (at /Users/bokken/buildslave/unity/build/Editor/Mono/Inspector/GameObjectInspector.cs:91)
UnityEditor.GameObjectInspector:GetPreviewData () (at /Users/bokken/buildslave/unity/build/Editor/Mono/Inspector/GameObjectInspector.cs:615)
UnityEditor.GameObjectInspector:RenderStaticPreview (string,UnityEngine.Object[],int,int) (at /Users/bokken/buildslave/unity/build/Editor/Mono/Inspector/GameObjectInspector.cs:860)
UnityEditor.AssetPreviewUpdater:CreatePreviewForAsset (UnityEngine.Object,UnityEngine.Object[],string) (at /Users/bokken/buildslave/unity/build/Editor/Mono/AssetPreviewUpdater.cs:33)

[/Users/bokken/buildslave/unity/build/Runtime/Export/Scripting/StackTrace.cs line 37]

 -> (artifact id: '0515d23d51f39024c86738dc177593da') in 0.028075 seconds 
  Import took 0.032602 seconds .

========================================================================
Received Import Request.
  Time since last request: 2.410329 seconds.
  path: Assets/Prefabs/Ginger (Player).prefab
  artifactKey: Guid(eb3edda78ed46440080bf58c3008ad9a) Importer(815301076,1909f56bfc062723c751e8b465ee728b)
Start importing Assets/Prefabs/Ginger (Player).prefab using Guid(eb3edda78ed46440080bf58c3008ad9a) Importer(815301076,1909f56bfc062723c751e8b465ee728b) The Animator Controller (Player) you have used is not valid. Animations will not play
UnityEngine.StackTraceUtility:ExtractStackTrace () (at /Users/bokken/buildslave/unity/build/Runtime/Export/Scripting/StackTrace.cs:37)
UnityEditor.EditorUtility:Internal_InstantiateRemoveAllNonAnimationComponentsSingle (UnityEngine.Object,UnityEngine.Vector3,UnityEngine.Quaternion)
UnityEditor.EditorUtility:InstantiateRemoveAllNonAnimationComponents (UnityEngine.Object,UnityEngine.Vector3,UnityEngine.Quaternion) (at /Users/bokken/buildslave/unity/build/Editor/Mono/EditorUtility.cs:636)
UnityEditor.EditorUtility:InstantiateForAnimatorPreview (UnityEngine.Object) (at /Users/bokken/buildslave/unity/build/Editor/Mono/EditorUtility.cs:602)
UnityEditor.GameObjectInspector/PreviewData:UpdateGameObject (UnityEngine.Object) (at /Users/bokken/buildslave/unity/build/Editor/Mono/Inspector/GameObjectInspector.cs:97)
UnityEditor.GameObjectInspector/PreviewData:.ctor (UnityEngine.Object) (at /Users/bokken/buildslave/unity/build/Editor/Mono/Inspector/GameObjectInspector.cs:91)
UnityEditor.GameObjectInspector:GetPreviewData () (at /Users/bokken/buildslave/unity/build/Editor/Mono/Inspector/GameObjectInspector.cs:615)
UnityEditor.GameObjectInspector:RenderStaticPreview (string,UnityEngine.Object[],int,int) (at /Users/bokken/buildslave/unity/build/Editor/Mono/Inspector/GameObjectInspector.cs:860)
UnityEditor.AssetPreviewUpdater:CreatePreviewForAsset (UnityEngine.Object,UnityEngine.Object[],string) (at /Users/bokken/buildslave/unity/build/Editor/Mono/AssetPreviewUpdater.cs:33)

[/Users/bokken/buildslave/unity/build/Runtime/Export/Scripting/StackTrace.cs line 37]

The Animator Controller (Player) you have used is not valid. Animations will not play
UnityEngine.StackTraceUtility:ExtractStackTrace () (at /Users/bokken/buildslave/unity/build/Runtime/Export/Scripting/StackTrace.cs:37)
UnityEditor.EditorUtility:InitInstantiatedPreviewRecursive (UnityEngine.GameObject) (at /Users/bokken/buildslave/unity/build/Editor/Mono/EditorUtility.cs:591)
UnityEditor.EditorUtility:InstantiateForAnimatorPreview (UnityEngine.Object) (at /Users/bokken/buildslave/unity/build/Editor/Mono/EditorUtility.cs:605)
UnityEditor.GameObjectInspector/PreviewData:UpdateGameObject (UnityEngine.Object) (at /Users/bokken/buildslave/unity/build/Editor/Mono/Inspector/GameObjectInspector.cs:97)
UnityEditor.GameObjectInspector/PreviewData:.ctor (UnityEngine.Object) (at /Users/bokken/buildslave/unity/build/Editor/Mono/Inspector/GameObjectInspector.cs:91)
UnityEditor.GameObjectInspector:GetPreviewData () (at /Users/bokken/buildslave/unity/build/Editor/Mono/Inspector/GameObjectInspector.cs:615)
UnityEditor.GameObjectInspector:RenderStaticPreview (string,UnityEngine.Object[],int,int) (at /Users/bokken/buildslave/unity/build/Editor/Mono/Inspector/GameObjectInspector.cs:860)
UnityEditor.AssetPreviewUpdater:CreatePreviewForAsset (UnityEngine.Object,UnityEngine.Object[],string) (at /Users/bokken/buildslave/unity/build/Editor/Mono/AssetPreviewUpdater.cs:33)

[/Users/bokken/buildslave/unity/build/Runtime/Export/Scripting/StackTrace.cs line 37]

 -> (artifact id: 'fb35a6a2741fa02ad83440f2b3b58216') in 0.014777 seconds 
  Import took 0.018481 seconds .

========================================================================
Received Import Request.
  Time since last request: 8.189344 seconds.
  path: Assets/Prefabs/Ginger (Player).prefab
  artifactKey: Guid(eb3edda78ed46440080bf58c3008ad9a) Importer(815301076,1909f56bfc062723c751e8b465ee728b)
Start importing Assets/Prefabs/Ginger (Player).prefab using Guid(eb3edda78ed46440080bf58c3008ad9a) Importer(815301076,1909f56bfc062723c751e8b465ee728b) The Animator Controller (Player) you have used is not valid. Animations will not play
UnityEngine.StackTraceUtility:ExtractStackTrace () (at /Users/bokken/buildslave/unity/build/Runtime/Export/Scripting/StackTrace.cs:37)
UnityEditor.EditorUtility:Internal_InstantiateRemoveAllNonAnimationComponentsSingle (UnityEngine.Object,UnityEngine.Vector3,UnityEngine.Quaternion)
UnityEditor.EditorUtility:InstantiateRemoveAllNonAnimationComponents (UnityEngine.Object,UnityEngine.Vector3,UnityEngine.Quaternion) (at /Users/bokken/buildslave/unity/build/Editor/Mono/EditorUtility.cs:636)
UnityEditor.EditorUtility:InstantiateForAnimatorPreview (UnityEngine.Object) (at /Users/bokken/buildslave/unity/build/Editor/Mono/EditorUtility.cs:602)
UnityEditor.GameObjectInspector/PreviewData:UpdateGameObject (UnityEngine.Object) (at /Users/bokken/buildslave/unity/build/Editor/Mono/Inspector/GameObjectInspector.cs:97)
UnityEditor.GameObjectInspector/PreviewData:.ctor (UnityEngine.Object) (at /Users/bokken/buildslave/unity/build/Editor/Mono/Inspector/GameObjectInspector.cs:91)
UnityEditor.GameObjectInspector:GetPreviewData () (at /Users/bokken/buildslave/unity/build/Editor/Mono/Inspector/GameObjectInspector.cs:615)
UnityEditor.GameObjectInspector:RenderStaticPreview (string,UnityEngine.Object[],int,int) (at /Users/bokken/buildslave/unity/build/Editor/Mono/Inspector/GameObjectInspector.cs:860)
UnityEditor.AssetPreviewUpdater:CreatePreviewForAsset (UnityEngine.Object,UnityEngine.Object[],string) (at /Users/bokken/buildslave/unity/build/Editor/Mono/AssetPreviewUpdater.cs:33)

[/Users/bokken/buildslave/unity/build/Runtime/Export/Scripting/StackTrace.cs line 37]

The Animator Controller (Player) you have used is not valid. Animations will not play
UnityEngine.StackTraceUtility:ExtractStackTrace () (at /Users/bokken/buildslave/unity/build/Runtime/Export/Scripting/StackTrace.cs:37)
UnityEditor.EditorUtility:InitInstantiatedPreviewRecursive (UnityEngine.GameObject) (at /Users/bokken/buildslave/unity/build/Editor/Mono/EditorUtility.cs:591)
UnityEditor.EditorUtility:InstantiateForAnimatorPreview (UnityEngine.Object) (at /Users/bokken/buildslave/unity/build/Editor/Mono/EditorUtility.cs:605)
UnityEditor.GameObjectInspector/PreviewData:UpdateGameObject (UnityEngine.Object) (at /Users/bokken/buildslave/unity/build/Editor/Mono/Inspector/GameObjectInspector.cs:97)
UnityEditor.GameObjectInspector/PreviewData:.ctor (UnityEngine.Object) (at /Users/bokken/buildslave/unity/build/Editor/Mono/Inspector/GameObjectInspector.cs:91)
UnityEditor.GameObjectInspector:GetPreviewData () (at /Users/bokken/buildslave/unity/build/Editor/Mono/Inspector/GameObjectInspector.cs:615)
UnityEditor.GameObjectInspector:RenderStaticPreview (string,UnityEngine.Object[],int,int) (at /Users/bokken/buildslave/unity/build/Editor/Mono/Inspector/GameObjectInspector.cs:860)
UnityEditor.AssetPreviewUpdater:CreatePreviewForAsset (UnityEngine.Object,UnityEngine.Object[],string) (at /Users/bokken/buildslave/unity/build/Editor/Mono/AssetPreviewUpdater.cs:33)

[/Users/bokken/buildslave/unity/build/Runtime/Export/Scripting/StackTrace.cs line 37]

 -> (artifact id: '4092f55242c9ee1da02981f918a6d8a7') in 0.017745 seconds 
  Import took 0.021589 seconds .

========================================================================
Received Import Request.
  Time since last request: 43.991120 seconds.
  path: Assets/Prefabs/Ginger (Player).prefab
  artifactKey: Guid(eb3edda78ed46440080bf58c3008ad9a) Importer(815301076,1909f56bfc062723c751e8b465ee728b)
Start importing Assets/Prefabs/Ginger (Player).prefab using Guid(eb3edda78ed46440080bf58c3008ad9a) Importer(815301076,1909f56bfc062723c751e8b465ee728b) The Animator Controller (Player) you have used is not valid. Animations will not play
UnityEngine.StackTraceUtility:ExtractStackTrace () (at /Users/bokken/buildslave/unity/build/Runtime/Export/Scripting/StackTrace.cs:37)
UnityEditor.EditorUtility:Internal_InstantiateRemoveAllNonAnimationComponentsSingle (UnityEngine.Object,UnityEngine.Vector3,UnityEngine.Quaternion)
UnityEditor.EditorUtility:InstantiateRemoveAllNonAnimationComponents (UnityEngine.Object,UnityEngine.Vector3,UnityEngine.Quaternion) (at /Users/bokken/buildslave/unity/build/Editor/Mono/EditorUtility.cs:636)
UnityEditor.EditorUtility:InstantiateForAnimatorPreview (UnityEngine.Object) (at /Users/bokken/buildslave/unity/build/Editor/Mono/EditorUtility.cs:602)
UnityEditor.GameObjectInspector/PreviewData:UpdateGameObject (UnityEngine.Object) (at /Users/bokken/buildslave/unity/build/Editor/Mono/Inspector/GameObjectInspector.cs:97)
UnityEditor.GameObjectInspector/PreviewData:.ctor (UnityEngine.Object) (at /Users/bokken/buildslave/unity/build/Editor/Mono/Inspector/GameObjectInspector.cs:91)
UnityEditor.GameObjectInspector:GetPreviewData () (at /Users/bokken/buildslave/unity/build/Editor/Mono/Inspector/GameObjectInspector.cs:615)
UnityEditor.GameObjectInspector:RenderStaticPreview (string,UnityEngine.Object[],int,int) (at /Users/bokken/buildslave/unity/build/Editor/Mono/Inspector/GameObjectInspector.cs:860)
UnityEditor.AssetPreviewUpdater:CreatePreviewForAsset (UnityEngine.Object,UnityEngine.Object[],string) (at /Users/bokken/buildslave/unity/build/Editor/Mono/AssetPreviewUpdater.cs:33)

[/Users/bokken/buildslave/unity/build/Runtime/Export/Scripting/StackTrace.cs line 37]

The Animator Controller (Player) you have used is not valid. Animations will not play
UnityEngine.StackTraceUtility:ExtractStackTrace () (at /Users/bokken/buildslave/unity/build/Runtime/Export/Scripting/StackTrace.cs:37)
UnityEditor.EditorUtility:InitInstantiatedPreviewRecursive (UnityEngine.GameObject) (at /Users/bokken/buildslave/unity/build/Editor/Mono/EditorUtility.cs:591)
UnityEditor.EditorUtility:InstantiateForAnimatorPreview (UnityEngine.Object) (at /Users/bokken/buildslave/unity/build/Editor/Mono/EditorUtility.cs:605)
UnityEditor.GameObjectInspector/PreviewData:UpdateGameObject (UnityEngine.Object) (at /Users/bokken/buildslave/unity/build/Editor/Mono/Inspector/GameObjectInspector.cs:97)
UnityEditor.GameObjectInspector/PreviewData:.ctor (UnityEngine.Object) (at /Users/bokken/buildslave/unity/build/Editor/Mono/Inspector/GameObjectInspector.cs:91)
UnityEditor.GameObjectInspector:GetPreviewData () (at /Users/bokken/buildslave/unity/build/Editor/Mono/Inspector/GameObjectInspector.cs:615)
UnityEditor.GameObjectInspector:RenderStaticPreview (string,UnityEngine.Object[],int,int) (at /Users/bokken/buildslave/unity/build/Editor/Mono/Inspector/GameObjectInspector.cs:860)
UnityEditor.AssetPreviewUpdater:CreatePreviewForAsset (UnityEngine.Object,UnityEngine.Object[],string) (at /Users/bokken/buildslave/unity/build/Editor/Mono/AssetPreviewUpdater.cs:33)

[/Users/bokken/buildslave/unity/build/Runtime/Export/Scripting/StackTrace.cs line 37]

 -> (artifact id: 'cb05e510de1b06932355d4f53765d975') in 0.017385 seconds 
  Import took 0.022932 seconds .

========================================================================
Received Prepare
Registering precompiled user dll's ...
Registered in 0.006716 seconds.
Begin MonoManager ReloadAssembly
Native extension for OSXStandalone target not found
Native extension for WebGL target not found
Refreshing native plugins compatible for Editor in 0.55 ms, found 3 plugins.
Preloading 0 native plugins for Editor in 0.00 ms.
Mono: successfully reloaded assembly
- Completed reload, in  1.763 seconds
Platform modules already initialized, skipping
Refreshing native plugins compatible for Editor in 0.71 ms, found 3 plugins.
Preloading 0 native plugins for Editor in 0.00 ms.
Unloading 2095 Unused Serialized files (Serialized files now loaded: 0)
System memory in use before: 203.8 MB.
System memory in use after: 203.8 MB.

Unloading 21 unused Assets to reduce memory usage. Loaded Objects now: 2577.
Total: 3.072987 ms (FindLiveObjects: 0.298331 ms CreateObjectMapping: 0.116533 ms MarkObjects: 2.507851 ms  DeleteObjects: 0.149033 ms)

AssetImportParameters requested are different than current active one (requested -> active):
  custom:video-decoder-ogg-theora: a1e56fd34408186e4bbccfd4996cb3dc -> 
  custom:container-muxer-webm: aa71ff27fc2769a1b78a27578f13a17b -> 
  custom:container-demuxer-webm: 4f35f7cbe854078d1ac9338744f61a02 -> 
  custom:container-demuxer-ogg: 62fdf1f143b41e24485cea50d1cbac27 -> 
  custom:video-encoder-webm-vp8: eb34c28f22e8b96e1ab97ce403110664 -> 
  custom:framework-osx-AVFoundation: e770b220cccbd017edd2c1fefb359320 -> 
  custom:video-decoder-webm-vp8: 9c59270c3fd7afecdb556c50c9e8de78 -> 
  custom:audio-decoder-ogg-vorbis: bf7c407c2cedff20999df2af8eb42d56 -> 
  custom:audio-encoder-webm-vorbis: bf7c407c2cedff20999df2af8eb42d56 -> 
========================================================================
Received Prepare
Registering precompiled user dll's ...
Registered in 0.006919 seconds.
Begin MonoManager ReloadAssembly
Native extension for OSXStandalone target not found
Native extension for WebGL target not found
Refreshing native plugins compatible for Editor in 59.39 ms, found 3 plugins.
Preloading 0 native plugins for Editor in 0.00 ms.
Mono: successfully reloaded assembly
- Completed reload, in  1.220 seconds
Platform modules already initialized, skipping
Refreshing native plugins compatible for Editor in 1.14 ms, found 3 plugins.
Preloading 0 native plugins for Editor in 0.00 ms.
Unloading 2391 Unused Serialized files (Serialized files now loaded: 0)
System memory in use before: 195.6 MB.
System memory in use after: 195.7 MB.

Unloading 19 unused Assets to reduce memory usage. Loaded Objects now: 2870.
Total: 3.899815 ms (FindLiveObjects: 0.721433 ms CreateObjectMapping: 0.138412 ms MarkObjects: 1.581057 ms  DeleteObjects: 1.457765 ms)

AssetImportParameters requested are different than current active one (requested -> active):
  custom:video-decoder-ogg-theora: a1e56fd34408186e4bbccfd4996cb3dc -> 
  custom:container-muxer-webm: aa71ff27fc2769a1b78a27578f13a17b -> 
  custom:container-demuxer-webm: 4f35f7cbe854078d1ac9338744f61a02 -> 
  custom:container-demuxer-ogg: 62fdf1f143b41e24485cea50d1cbac27 -> 
  custom:video-encoder-webm-vp8: eb34c28f22e8b96e1ab97ce403110664 -> 
  custom:framework-osx-AVFoundation: e770b220cccbd017edd2c1fefb359320 -> 
  custom:video-decoder-webm-vp8: 9c59270c3fd7afecdb556c50c9e8de78 -> 
  custom:audio-decoder-ogg-vorbis: bf7c407c2cedff20999df2af8eb42d56 -> 
  custom:audio-encoder-webm-vorbis: bf7c407c2cedff20999df2af8eb42d56 -> 
AssetImportWorkerClient::OnTransportError - code=2 error=End of file
